Log file open, 05/22/17 14:57:13
LogInit:Display: Running engine for game: Dino
LogPlatformFile: Not using cached read wrapper
LogInit:Display: RandInit(-297666548) SRandInit(-297666548).
LogTaskGraph: Started task graph with 5 named threads and 8 total threads with 1 sets of task threads.
LogStats: Stats thread started at 0.078371
LogInit: Using libcurl 7.47.1
LogInit:  - built for x86_64-pc-win32
LogInit:  - supports SSL with OpenSSL/1.0.2g
LogInit:  - supports HTTP deflate (compression) using libz 1.2.8
LogInit:  - other features:
LogInit:      CURL_VERSION_SSL
LogInit:      CURL_VERSION_LIBZ
LogInit:      CURL_VERSION_IPV6
LogInit:      CURL_VERSION_ASYNCHDNS
LogInit:      CURL_VERSION_LARGEFILE
LogInit:      CURL_VERSION_IDN
LogInit:  CurlRequestOptions (configurable via config and command line):
LogInit:  - bVerifyPeer = false  - Libcurl will NOT verify peer certificate
LogInit:  - bUseHttpProxy = false  - Libcurl will NOT use HTTP proxy
LogInit:  - bDontReuseConnections = false  - Libcurl will reuse connections
LogInit:  - CertBundlePath = nullptr  - Libcurl will use whatever was configured at build time.
LogInit: Build: ++UE4+Release-4.15-CL-3348071
LogInit: Engine Version: 4.15.1-3348071+++UE4+Release-4.15
LogInit: Compatible Engine Version: 4.15.0-3299760+++UE4+Release-4.15
LogInit: Net CL: 3299760
LogDevObjectVersion: Number of dev versions registered: 14
LogDevObjectVersion:   Dev-Blueprints (B0D832E4-1F89-4F0D-ACCF-7EB736FD4AA2): 8
LogDevObjectVersion:   Dev-Build (E1C64328-A22C-4D53-A36C-8E866417BD8C): 0
LogDevObjectVersion:   Dev-Core (375EC13C-06E4-48FB-B500-84F0262A717E): 2
LogDevObjectVersion:   Dev-Editor (E4B068ED-F494-42E9-A231-DA0B2E46BB41): 14
LogDevObjectVersion:   Dev-Framework (CFFC743F-43B0-4480-9391-14DF171D2073): 22
LogDevObjectVersion:   Dev-Mobile (B02B49B5-BB20-44E9-A304-32B752E40360): 0
LogDevObjectVersion:   Dev-Networking (A4E4105C-59A1-49B5-A7C5-40C4547EDFEE): 0
LogDevObjectVersion:   Dev-Online (39C831C9-5AE6-47DC-9A44-9C173E1C8E7C): 0
LogDevObjectVersion:   Dev-Physics (78F01B33-EBEA-4F98-B9B4-84EACCB95AA2): 0
LogDevObjectVersion:   Dev-Platform (6631380F-2D4D-43E0-8009-CF276956A95A): 0
LogDevObjectVersion:   Dev-Rendering (12F88B9F-8875-4AFC-A67C-D90C383ABD29): 12
LogDevObjectVersion:   Dev-Sequencer (7B5AE74C-D270-4C10-A958-57980B212A5A): 3
LogDevObjectVersion:   Dev-VR (D7296918-1DD6-4BDD-9DE2-64A83CC13884): 0
LogDevObjectVersion:   Dev-LoadTimes (C2A15278-BFE7-4AFE-6C17-90FF531DF755): 1
LogInit: Compiled (64-bit): Mar 15 2017 16:52:47
LogInit: Compiled with Visual C++: 19.00.23026.00
LogInit: Build Configuration: Development
LogInit: Branch Name: ++UE4+Release-4.15
LogInit: Command line: -EpicPortal 
LogInit: Base directory: C:/Program Files/Epic Games/UE_4.15/Engine/Binaries/Win64/
LogInit: Installed Engine Build: 1
LogInit: Presizing for max 8388607 objects, including 0 objects not considered by GC, pre-allocating 0 bytes for permanent pool.
LogInit: Object subsystem initialized
[2017.05.22-21.57.15:081][  0]LogInit: Selected Device Profile: [Windows]
[2017.05.22-21.57.15:081][  0]LogInit: Applying CVar settings loaded from the selected device profile: [Windows]
[2017.05.22-21.57.15:097][  0]LogInit: Computer: DAO
[2017.05.22-21.57.15:097][  0]LogInit: User: simps
[2017.05.22-21.57.15:097][  0]LogInit: CPU Page size=65536, Cores=4
[2017.05.22-21.57.15:097][  0]LogInit: High frequency timer resolution =2.648442 MHz
[2017.05.22-21.57.15:098][  0]LogMemory: Memory total: Physical=7.9GB (8GB approx)
[2017.05.22-21.57.15:098][  0]LogMemory: Platform Memory Stats for Windows
[2017.05.22-21.57.15:098][  0]LogMemory: Process Physical Memory: 262.66 MB used, 262.66 MB peak
[2017.05.22-21.57.15:098][  0]LogMemory: Process Virtual Memory: 262.09 MB used, 262.09 MB peak
[2017.05.22-21.57.15:098][  0]LogMemory: Physical Memory: 6664.67 MB used,  1418.27 MB free, 8082.94 MB total
[2017.05.22-21.57.15:098][  0]LogMemory: Virtual Memory: 643.84 MB used,  1418.27 MB free, 134217728.00 MB total
[2017.05.22-21.57.15:171][  0]LogTextLocalizationManager: No specific translations for ('en-US') exist, so ('en') translations will be used.
[2017.05.22-21.57.15:852][  0]LogD3D11RHI: D3D11 adapters:
[2017.05.22-21.57.15:966][  0]LogD3D11RHI:    0. 'NVIDIA GeForce GTX 780' (Feature Level 11_0)
[2017.05.22-21.57.15:966][  0]LogD3D11RHI:       3039/0/4041 MB DedicatedVideo/DedicatedSystem/SharedSystem, Outputs:2, VendorId:0x10de
[2017.05.22-21.57.15:984][  0]LogD3D11RHI:    1. 'Intel(R) HD Graphics 530' (Feature Level 11_0)
[2017.05.22-21.57.15:984][  0]LogD3D11RHI:       128/0/4041 MB DedicatedVideo/DedicatedSystem/SharedSystem, Outputs:0, VendorId:0x8086
[2017.05.22-21.57.15:985][  0]LogD3D11RHI:    2. 'Microsoft Basic Render Driver' (Feature Level 11_0)
[2017.05.22-21.57.15:985][  0]LogD3D11RHI:       0/0/4041 MB DedicatedVideo/DedicatedSystem/SharedSystem, Outputs:0, VendorId:0x1414
[2017.05.22-21.57.15:985][  0]LogD3D11RHI: Chosen D3D11 Adapter: 0
[2017.05.22-21.57.15:997][  0]LogD3D11RHI: Creating new Direct3DDevice
[2017.05.22-21.57.15:997][  0]LogD3D11RHI:     GPU DeviceId: 0x1004 (for the marketing name, search the web for "GPU Device Id")
[2017.05.22-21.57.15:997][  0]LogWindows: EnumDisplayDevices:
[2017.05.22-21.57.15:997][  0]LogWindows:    0. 'NVIDIA GeForce GTX 780' (P:1 D:1)
[2017.05.22-21.57.15:997][  0]LogWindows:    1. 'NVIDIA GeForce GTX 780' (P:0 D:1)
[2017.05.22-21.57.15:997][  0]LogWindows:    2. 'NVIDIA GeForce GTX 780' (P:0 D:0)
[2017.05.22-21.57.15:997][  0]LogWindows:    3. 'NVIDIA GeForce GTX 780' (P:0 D:0)
[2017.05.22-21.57.15:997][  0]LogWindows:    4. 'Intel(R) HD Graphics 530' (P:0 D:0)
[2017.05.22-21.57.15:998][  0]LogWindows:    5. 'Intel(R) HD Graphics 530' (P:0 D:0)
[2017.05.22-21.57.15:998][  0]LogWindows: DebugString: PrimaryIsNotTheChoosenAdapter PrimaryIsNotTheChoosenAdapter FoundDriverCount:4 
[2017.05.22-21.57.15:998][  0]LogD3D11RHI:     Adapter Name: NVIDIA GeForce GTX 780
[2017.05.22-21.57.15:998][  0]LogD3D11RHI:   Driver Version: 382.05 (internal:22.21.13.8205, unified:382.05)
[2017.05.22-21.57.15:998][  0]LogD3D11RHI:      Driver Date: 5-1-2017
[2017.05.22-21.57.15:998][  0]LogRHI: Texture pool is 1361 MB (70% of 1945 MB)
[2017.05.22-21.57.16:025][  0]LogD3D11RHI:Warning: Timestamp queries are currently disabled on this hardware due to instability. Realtime GPU stats will not be available. You can override this behaviour by setting r.NVIDIATimestampWorkaround to 0
[2017.05.22-21.57.16:026][  0]LogD3D11RHI: Async texture creation enabled
[2017.05.22-21.57.16:043][  0]LogD3D11RHI: GPU Timing Frequency: 1000.000000 (Debug: 2 2)
[2017.05.22-21.57.16:091][  0]LogShaderCompilers: Guid format shader working directory is -42 characters bigger than the processId version (../../../../../../Users/simps/Dropbox/Duc's Academics/Cal Poly/2016 - 2017/CSC 371/Dino/Intermediate/Shaders/WorkingDirectory/13988/).
[2017.05.22-21.57.16:091][  0]LogShaderCompilers: Cleaned the shader compiler working directory 'C:/Users/simps/AppData/Local/Temp/UnrealShaderWorkingDir/C648B0EB47D2888BFED154B7520F76FF/'.
[2017.05.22-21.57.16:091][  0]LogShaderCompilers:Display: Using Local Shader Compiler.
[2017.05.22-21.57.17:472][  0]LogTemp:Display: Loaded TP AllDesktopTargetPlatform
[2017.05.22-21.57.17:541][  0]LogTemp:Display: Loaded TP MacClientTargetPlatform
[2017.05.22-21.57.17:661][  0]LogTemp:Display: Loaded TP MacNoEditorTargetPlatform
[2017.05.22-21.57.17:729][  0]LogTemp:Display: Loaded TP MacServerTargetPlatform
[2017.05.22-21.57.17:803][  0]LogTemp:Display: Loaded TP MacTargetPlatform
[2017.05.22-21.57.17:910][  0]LogTemp:Display: Loaded TP WindowsClientTargetPlatform
[2017.05.22-21.57.17:985][  0]LogTemp:Display: Loaded TP WindowsNoEditorTargetPlatform
[2017.05.22-21.57.18:059][  0]LogTemp:Display: Loaded TP WindowsServerTargetPlatform
[2017.05.22-21.57.18:163][  0]LogTemp:Display: Loaded TP WindowsTargetPlatform
[2017.05.22-21.57.18:236][  0]LogTemp:Display: Loaded TP AndroidTargetPlatform
[2017.05.22-21.57.18:337][  0]LogTemp:Display: Loaded TP Android_ASTCTargetPlatform
[2017.05.22-21.57.18:410][  0]LogTemp:Display: Loaded TP Android_ATCTargetPlatform
[2017.05.22-21.57.18:474][  0]LogTemp:Display: Loaded TP Android_DXTTargetPlatform
[2017.05.22-21.57.18:550][  0]LogTemp:Display: Loaded TP Android_ETC1TargetPlatform
[2017.05.22-21.57.18:617][  0]LogTemp:Display: Loaded TP Android_ETC2TargetPlatform
[2017.05.22-21.57.18:779][  0]LogTemp:Display: Loaded TP Android_MultiTargetPlatform
[2017.05.22-21.57.18:779][  0]LogTemp:Display: Loaded TP Android_PVRTCTargetPlatform
[2017.05.22-21.57.18:829][  0]LogTemp:Display: Loaded TP HTML5TargetPlatform
[2017.05.22-21.57.18:959][  0]LogTemp:Display: Loaded TP IOSTargetPlatform
[2017.05.22-21.57.19:022][  0]LogTemp:Display: Loaded TP TVOSTargetPlatform
[2017.05.22-21.57.19:117][  0]LogTemp:Display: Loaded TP LinuxClientTargetPlatform
[2017.05.22-21.57.19:195][  0]LogTemp:Display: Loaded TP LinuxNoEditorTargetPlatform
[2017.05.22-21.57.19:297][  0]LogTemp:Display: Loaded TP LinuxServerTargetPlatform
[2017.05.22-21.57.19:383][  0]LogTemp:Display: Loaded TP LinuxTargetPlatform
[2017.05.22-21.57.19:383][  0]LogTargetPlatformManager:Display: Building Assets For Windows
[2017.05.22-21.57.19:933][  0]LogDerivedDataCache:Display: Max Cache Size: 512 MB
[2017.05.22-21.57.20:005][  0]LogDerivedDataCache: Loaded boot cache 0.07s 50MB C:/Users/simps/AppData/Local/UnrealEngine/4.15/DerivedDataCache/Boot.ddc.
[2017.05.22-21.57.20:005][  0]LogDerivedDataCache:Display: Loaded Boot cache: C:/Users/simps/AppData/Local/UnrealEngine/4.15/DerivedDataCache/Boot.ddc
[2017.05.22-21.57.20:005][  0]LogDerivedDataCache: FDerivedDataBackendGraph:  Pak pak cache file ../../../../../../Users/simps/Dropbox/Duc's Academics/Cal Poly/2016 - 2017/CSC 371/Dino/DerivedDataCache/DDC.ddp not found, will not use a pak cache.
[2017.05.22-21.57.20:005][  0]LogDerivedDataCache: Unable to find inner node Pak for hierarchical cache Hierarchy.
[2017.05.22-21.57.20:005][  0]LogDerivedDataCache: FDerivedDataBackendGraph:  CompressedPak pak cache file ../../../../../../Users/simps/Dropbox/Duc's Academics/Cal Poly/2016 - 2017/CSC 371/Dino/DerivedDataCache/Compressed.ddp not found, will not use a pak cache.
[2017.05.22-21.57.20:005][  0]LogDerivedDataCache: Unable to find inner node CompressedPak for hierarchical cache Hierarchy.
[2017.05.22-21.57.20:026][  0]LogDerivedDataCache:Display: Pak cache opened for reading ../../../Engine/DerivedDataCache/Compressed.ddp.
[2017.05.22-21.57.20:044][  0]LogDerivedDataCache: Using Local data cache path C:/Users/simps/AppData/Local/UnrealEngine/Common/DerivedDataCache: Writable
[2017.05.22-21.57.20:054][  0]LogSlate: Using Freetype 2.6.0
[2017.05.22-21.57.20:054][  0]LogSlate: SlateFontCache - WITH_FREETYPE: 1, WITH_HARFBUZZ: 1
[2017.05.22-21.57.20:054][  0]LogSlate: SlateFontCache - WITH_FREETYPE: 1, WITH_HARFBUZZ: 1
[2017.05.22-21.57.20:406][  0]LogInit: Selected Device Profile: [Windows]
[2017.05.22-21.57.20:409][  0]LogContentStreaming: Texture pool size is 0.00 MB
[2017.05.22-21.57.20:706][  0]LogMeshUtilities: Using QuadricMeshReduction for automatic static mesh reduction
[2017.05.22-21.57.20:759][  0]LogSimplygon: Simplygon DLL not present - disabling.
[2017.05.22-21.57.20:817][  0]LogMeshUtilities: Using SimplygonSwarm for distributed automatic mesh merging
[2017.05.22-21.57.20:817][  0]LogMeshUtilities: No automatic skeletal mesh reduction module available
[2017.05.22-21.57.20:817][  0]LogMeshUtilities: No automatic mesh merging module available
[2017.05.22-21.57.21:465][  0]LogNetVersion: GetLocalNetworkVersion: CL: 3299760, ProjectName: dino, ProjectVersion: , EngineNetworkVersion: 2, GameNetworkVersion: 0, NetworkChecksum: 2551943632
[2017.05.22-21.57.21:516][  0]LogAssetRegistry: FAssetRegistry took 0.0212 seconds to start up
[2017.05.22-21.57.21:600][  0]LogPackageLocalizationCache: Processed 3 localized package path(s) for 2 prioritized culture(s) in 0.048259 seconds
[2017.05.22-21.57.21:610][  0]LogUObjectArray: 32493 objects as part of root set at end of initial load.
[2017.05.22-21.57.21:610][  0]LogUObjectAllocator: 7077024 out of 0 bytes used by permanent object pool.
[2017.05.22-21.57.21:610][  0]LogUObjectArray: CloseDisregardForGC: 0/0 objects in disregard for GC pool
[2017.05.22-21.57.21:692][  0]LogInit: WinSock: version 1.1 (2.2), MaxSocks=32767, MaxUdp=65467
[2017.05.22-21.57.23:523][  0]LogTcpMessaging: Initializing TcpMessaging bridge
[2017.05.22-21.57.23:561][  0]LogUdpMessaging: Initializing bridge on interface 0.0.0.0:0 to multicast group 230.0.0.1:6666.
[2017.05.22-21.57.24:037][  0]LogMaterial: Uniform references updated for custom material expression Custom.
[2017.05.22-21.57.24:435][  0]SourceControl: Info Source control is disabled
[2017.05.22-21.57.24:472][  0]SourceControl: Info Source control is disabled
[2017.05.22-21.57.24:528][  0]SourceControl: Info Source control is disabled
[2017.05.22-21.57.24:571][  0]SourceControl: Info Source control is disabled
[2017.05.22-21.57.24:892][  0]LogLinker:Warning: Can't find file '/Game/FirstPersonBP/FirstPersonOverview'
[2017.05.22-21.57.24:892][  0]LogLinker:Warning: Can't find file '/Game/FirstPersonBP/FirstPersonOverview'
[2017.05.22-21.57.24:892][  0]LogUObjectGlobals:Warning: Failed to find object 'Class /Game/FirstPersonBP/FirstPersonOverview.FirstPersonOverview_C'
[2017.05.22-21.57.25:874][  0]LogEngine: Initializing Engine...
[2017.05.22-21.57.25:874][  0]LogHMD: Failed to initialize OpenVR with code 110
[2017.05.22-21.57.26:126][  0]LogAIModule: Creating AISystem for world Untitled
[2017.05.22-21.57.26:139][  0]LogInit: XAudio2 using 'Speakers (Realtek High Definition Audio)' : 2 channels at 48 kHz using 32 bits per sample (channel mask 0x3)
[2017.05.22-21.57.26:154][  0]LogInit: FAudioDevice initialized.
[2017.05.22-21.57.26:190][  0]LogDerivedDataCache: Saved boot cache 0.04s 50MB C:/Users/simps/AppData/Local/UnrealEngine/4.15/DerivedDataCache/Boot.ddc.
[2017.05.22-21.57.26:204][  0]LogInit: Texture streaming: Enabled
[2017.05.22-21.57.26:325][  0]LogEngineSessionManager: EngineSessionManager initialized
[2017.05.22-21.57.26:448][  0]LogInit: Transaction tracking system initialized
[2017.05.22-21.57.26:843][  0]BlueprintLog: New page: Editor Load
[2017.05.22-21.57.27:892][  0]LocalizationService: Info Localization service is disabled
[2017.05.22-21.57.28:718][  0]LogConsoleResponse:Display: 
[2017.05.22-21.57.28:903][  0]LogCook:Display: Max memory allowance for cook 16384mb min free memory 0mb
[2017.05.22-21.57.28:903][  0]LogCook:Display: Mobile HDR setting 1
[2017.05.22-21.57.29:695][  0]LogFileCache: Scanning file cache for directory 'C:/Users/simps/Dropbox/Duc's Academics/Cal Poly/2016 - 2017/CSC 371/Dino/Content/' took 0.01s
[2017.05.22-21.57.30:132][  0]SourceControl: Info Source control is disabled
[2017.05.22-21.57.30:132][  0]Cmd: MAP LOAD FILE="../../../../../../Users/simps/Dropbox/Duc's Academics/Cal Poly/2016 - 2017/CSC 371/Dino/Content/TopDownBP/Maps/TopDownExampleMap.umap" TEMPLATE=0 SHOWPROGRESS=1 FEATURELEVEL=3
[2017.05.22-21.57.30:132][  0]LightingResults: New page: Lighting Build
[2017.05.22-21.57.30:183][  0]MapCheck: New page: Map Check
[2017.05.22-21.57.30:183][  0]LightingResults: New page: Lighting Build
[2017.05.22-21.57.30:682][  0]LogAIModule: Creating AISystem for world TopDownExampleMap
[2017.05.22-21.57.30:714][  0]LogEditorServer: Finished looking for orphan Actors (0.000 secs)
[2017.05.22-21.57.30:715][  0]Cmd: MAP CHECKDEP NOCLEARLOG
[2017.05.22-21.57.30:777][  0]MapCheck: Info Map check complete: 0 Error(s), 0 Warning(s), took 61.12ms to complete.
[2017.05.22-21.57.30:777][  0]LogFileHelpers: Loading map 'TopDownExampleMap' took 0.645
[2017.05.22-21.57.31:021][  0]LogCollectionManager: Loaded 0 collections in 0.001350 seconds
[2017.05.22-21.57.31:105][  0]LogFileCache: Scanning file cache for directory 'C:/Users/simps/Dropbox/Duc's Academics/Cal Poly/2016 - 2017/CSC 371/Dino/Saved/Collections/' took 0.01s
[2017.05.22-21.57.31:105][  0]LogFileCache: Scanning file cache for directory 'C:/Users/simps/Dropbox/Duc's Academics/Cal Poly/2016 - 2017/CSC 371/Dino/Content/Developers/simps/Collections/' took 0.01s
[2017.05.22-21.57.31:105][  0]LogFileCache: Scanning file cache for directory 'C:/Users/simps/Dropbox/Duc's Academics/Cal Poly/2016 - 2017/CSC 371/Dino/Content/Collections/' took 0.01s
[2017.05.22-21.57.31:105][  0]LogCollectionManager: Rebuilt the GUID cache for 0 collections in 0.000002 seconds
[2017.05.22-21.57.31:114][  0]LogContentBrowser: Native class hierarchy populated in 0.0094 seconds. Added 2245 classes and 453 folders.
[2017.05.22-21.57.31:119][  0]LogStats: UGameplayTagsManager::ConstructGameplayTagTree: Construct from data asset -  0.000 s
[2017.05.22-21.57.31:119][  0]LogStats: UGameplayTagsManager::ConstructGameplayTagTree: GameplayTagTreeChangedEvent.Broadcast -  0.000 s
[2017.05.22-21.57.31:184][  0]LogContentBrowser: Native class hierarchy updated for 'WidgetCarousel' in 0.0005 seconds. Added 0 classes and 0 folders.
[2017.05.22-21.57.31:221][  0]LogContentBrowser: Native class hierarchy updated for 'AddContentDialog' in 0.0005 seconds. Added 0 classes and 0 folders.
[2017.05.22-21.57.31:274][  0]LogContentBrowser: Native class hierarchy updated for 'SceneOutliner' in 0.0005 seconds. Added 1 classes and 2 folders.
[2017.05.22-21.57.31:421][  0]LogCrashTracker: Crashtracker disabled due to settings.
[2017.05.22-21.57.31:429][  0]LogUObjectGlobals:Warning: Failed to find object 'Class None.'
[2017.05.22-21.57.31:530][  0]LogContentBrowser: Native class hierarchy updated for 'HierarchicalLODOutliner' in 0.0005 seconds. Added 1 classes and 2 folders.
[2017.05.22-21.57.31:530][  0]LogLoad: (Engine Initialization) Total time: 18.74 seconds
[2017.05.22-21.57.31:530][  0]LogLoad: (Engine Initialization) Total Blueprint compile time: 0.19 seconds
[2017.05.22-21.57.31:530][  0]LogExternalProfiler: No external profilers were discovered.  External profiling features will not be available.
[2017.05.22-21.57.31:869][  0]LogOcInput: OculusInput pre-init called
[2017.05.22-21.57.31:891][  0]LogContentStreaming: Texture pool size now 1000 MB
[2017.05.22-21.57.31:892][  0]LogSlate: Took 0.000199 seconds to synchronously load lazily loaded font '../../../Engine/Content/Slate/Fonts/Roboto-Regular.ttf' (155K)
[2017.05.22-21.57.31:895][  0]LogSlate: Took 0.000213 seconds to synchronously load lazily loaded font '../../../Engine/Content/Slate/Fonts/Roboto-Bold.ttf' (160K)
[2017.05.22-21.57.31:900][  0]LogSlate: Took 0.000228 seconds to synchronously load lazily loaded font '../../../Engine/Content/Editor/Slate/Fonts/FontAwesome.ttf' (139K)
[2017.05.22-21.57.32:016][  0]LogSlate: Took 0.000184 seconds to synchronously load lazily loaded font '../../../Engine/Content/Slate/Fonts/Roboto-Light.ttf' (159K)
[2017.05.22-21.57.32:060][  0]LogRenderer: Reallocating scene render targets to support 1208x664 NumSamples 1 (Frame:2).
[2017.05.22-21.57.32:208][  1]LogAssetRegistry: Asset discovery search completed in 10.7139 seconds
[2017.05.22-21.57.32:209][  1]LogCollectionManager: Rebuilt the object cache for 0 collections in 0.000006 seconds (found 0 objects)
[2017.05.22-21.57.32:209][  1]LogCollectionManager: Fixed up redirectors for 0 collections in 0.000020 seconds (updated 0 objects)
[2017.05.22-21.59.28:473][671]LogEditorViewport: Clicking on Actor (LMB): TopDownCharacter_C (TopDownCharacter)
[2017.05.22-21.59.44:586][488]LogSlate: Took 0.000243 seconds to synchronously load lazily loaded font '../../../Engine/Content/Editor/Slate/Fonts/Roboto-Italic.ttf' (157K)
[2017.05.22-22.00.58:157][650]LogSlate: Took 0.000125 seconds to synchronously load lazily loaded font '../../../Engine/Content/Slate/Fonts/Roboto-Light.ttf' (159K)
[2017.05.22-22.00.58:602][650]LogContentBrowser: Native class hierarchy updated for 'BlueprintGraph' in 0.0010 seconds. Added 112 classes and 0 folders.
[2017.05.22-22.00.59:160][650]LogSlate: Took 0.000131 seconds to synchronously load lazily loaded font '../../../Engine/Content/Slate/Fonts/Roboto-Regular.ttf' (155K)
[2017.05.22-22.00.59:243][650]LogSlate: Took 0.000208 seconds to synchronously load lazily loaded font '../../../Engine/Content/Editor/Slate/Fonts/Roboto-BoldCondensed.ttf' (158K)
[2017.05.22-22.02.36:132][965]LogSlate: Only BGRA pngs, bmps or icos are supported in by External Image Picker
[2017.05.22-22.02.36:197][966]LogTemp:Display: Executing iPhonePackager certificates Engine -bundlename com.YourCompany.Dino

[2017.05.22-22.02.36:197][966]LogTemp:Display: CWD: C:\Program Files\Epic Games\UE_4.15\Engine\Binaries\DotNET\IOS

[2017.05.22-22.02.36:197][966]LogTemp:Display: Initial Dir: C:\Program Files\Epic Games\UE_4.15

[2017.05.22-22.02.36:197][966]LogTemp:Display: Env CWD: C:\Program Files\Epic Games\UE_4.15\Engine\Binaries\DotNET\IOS

[2017.05.22-22.02.36:197][966]LogTemp:Display: BranchPath = DAO/C/Program Files/Epic Games/UE_4.15/Engine/Binaries --- GameBranchPath = DAO/C/Program Files/Epic Games/UE_4.15/Engine/Binaries

[2017.05.22-22.02.36:258][968]LogTemp:Display: IPP ERROR: Application exception: System.IO.DirectoryNotFoundException: Could not find a part of the path 'C:\Users\simps\AppData\Local\Apple Computer\MobileDevice\Provisioning Profiles'.

[2017.05.22-22.02.36:258][968]LogTemp:Display:    at System.IO.__Error.WinIOError(Int32 errorCode, String maybeFullPath)

[2017.05.22-22.02.36:258][968]LogTemp:Display:    at System.IO.FileSystemEnumerableIterator`1.CommonInit()

[2017.05.22-22.02.36:258][968]LogTemp:Display:    at System.IO.Directory.EnumerateFiles(String path, String searchPattern)

[2017.05.22-22.02.36:258][968]LogTemp:Display:    at iPhonePackager.CodeSignatureBuilder.FindProvisions(String CFBundleIdentifier)

[2017.05.22-22.02.36:258][968]LogTemp:Display:    at iPhonePackager.Program.Main(String[] args)

[2017.05.22-22.04.41:423][683]Cmd: TRANSACTION UNDO
[2017.05.22-22.04.41:423][683]LogEditorTransaction: Undo Remove Action Mapping Group
[2017.05.22-22.04.41:443][683]LogSlate: Took 0.000189 seconds to synchronously load lazily loaded font '../../../Engine/Content/Slate/Fonts/Roboto-Light.ttf' (159K)
[2017.05.22-22.04.42:423][734]Cmd: TRANSACTION UNDO
[2017.05.22-22.04.42:423][734]LogEditorTransaction: Undo Remove Action Mapping Group
[2017.05.22-22.04.42:758][753]Cmd: TRANSACTION UNDO
[2017.05.22-22.04.42:758][753]LogEditorTransaction: Undo Remove Action Mapping Group
[2017.05.22-22.04.43:172][777]Cmd: TRANSACTION UNDO
[2017.05.22-22.04.43:172][777]LogEditorTransaction: Undo Delete Child
[2017.05.22-22.04.43:674][804]Cmd: TRANSACTION UNDO
[2017.05.22-22.04.43:674][804]LogEditorTransaction: Undo Add Axis Mapping
[2017.05.22-22.04.44:406][848]Cmd: TRANSACTION UNDO
[2017.05.22-22.04.44:406][848]LogEditorTransaction: Undo Add Axis Mapping
[2017.05.22-22.05.05:054][118]Cmd: TRANSACTION UNDO
[2017.05.22-22.05.05:054][118]LogEditorTransaction: Undo Remove Axis Mapping Group
[2017.05.22-22.05.05:310][131]Cmd: TRANSACTION UNDO
[2017.05.22-22.05.05:310][131]LogEditorTransaction: Undo Rename Axis Mapping
[2017.05.22-22.05.05:585][144]Cmd: TRANSACTION UNDO
[2017.05.22-22.05.05:585][144]LogEditorTransaction: Undo Rename Axis Mapping
[2017.05.22-22.06.56:711][981]LogSlate:Warning: Prevented a slow task dialog from being summoned while a context menu was open
[2017.05.22-22.07.09:465][534]LogSavePackage: Save=148.63ms
[2017.05.22-22.07.09:466][534]LogSavePackage: Moving '../../../../../../Users/simps/Dropbox/Duc's Academics/Cal Poly/2016 - 2017/CSC 371/Dino/Saved/TopDownExampleMap1EE5F84A4346AD418CBB32914AC12E3B.tmp' to '../../../../../../Users/simps/Dropbox/Duc's Academics/Cal Poly/2016 - 2017/CSC 371/Dino/Content/TopDownBP/Maps/TopDownExampleMap.umap'
[2017.05.22-22.07.09:469][534]LogSavePackage:Display: Finished SavePackage ../../../../../../Users/simps/Dropbox/Duc's Academics/Cal Poly/2016 - 2017/CSC 371/Dino/Content/TopDownBP/Maps/TopDownExampleMap.umap
[2017.05.22-22.07.09:673][534]LogSavePackage: Save=148.17ms
[2017.05.22-22.07.09:673][534]LogSavePackage: Moving '../../../../../../Users/simps/Dropbox/Duc's Academics/Cal Poly/2016 - 2017/CSC 371/Dino/Saved/TopDownExampleMap_BuiltData2F0E8BFC404E8D5FAC5E92BCA74FCEC9.tmp' to '../../../../../../Users/simps/Dropbox/Duc's Academics/Cal Poly/2016 - 2017/CSC 371/Dino/Content/TopDownBP/Maps/TopDownExampleMap_BuiltData.uasset'
[2017.05.22-22.07.09:676][534]LogSavePackage:Display: Finished SavePackage ../../../../../../Users/simps/Dropbox/Duc's Academics/Cal Poly/2016 - 2017/CSC 371/Dino/Content/TopDownBP/Maps/TopDownExampleMap_BuiltData.uasset
[2017.05.22-22.07.11:544][655]BlueprintLog: New page: Compile TopDownCharacter
[2017.05.22-22.07.15:388][892]LogTemp: Repeting last play command: Selected Viewport
[2017.05.22-22.07.15:403][892]LogBlueprintUserMessages: Early PlayInEditor Detection: Level '/Game/TopDownBP/Maps/TopDownExampleMap.TopDownExampleMap:PersistentLevel' has LevelScriptBlueprint '/Game/TopDownBP/Maps/TopDownExampleMap.TopDownExampleMap:PersistentLevel.TopDownExampleMap' with GeneratedClass '/Game/TopDownBP/Maps/TopDownExampleMap.TopDownExampleMap_C' with ClassGeneratedBy '/Game/TopDownBP/Maps/TopDownExampleMap.TopDownExampleMap:PersistentLevel.TopDownExampleMap'
[2017.05.22-22.07.15:403][892]LogPlayLevel: PlayLevel: No blueprints needed recompiling
[2017.05.22-22.07.15:404][892]PIE: New page: PIE session: TopDownExampleMap (May 22, 2017, 8:07:15 AM)
[2017.05.22-22.07.15:404][892]LogPlayLevel: Creating play world package: /Game/TopDownBP/Maps/UEDPIE_0_TopDownExampleMap
[2017.05.22-22.07.15:429][892]LogPlayLevel: PIE: StaticDuplicateObject took: (0.025373s)
[2017.05.22-22.07.15:430][892]LogAIModule: Creating AISystem for world TopDownExampleMap
[2017.05.22-22.07.15:430][892]LogPlayLevel: PIE: World Init took: (0.000885s)
[2017.05.22-22.07.15:430][892]LogPlayLevel: PIE: Created PIE world by copying editor world from /Game/TopDownBP/Maps/TopDownExampleMap.TopDownExampleMap to /Game/TopDownBP/Maps/UEDPIE_0_TopDownExampleMap.TopDownExampleMap (0.026520s)
[2017.05.22-22.07.15:451][892]LogInit: XAudio2 using 'Speakers (Realtek High Definition Audio)' : 2 channels at 48 kHz using 32 bits per sample (channel mask 0x3)
[2017.05.22-22.07.15:462][892]LogInit: FAudioDevice initialized.
[2017.05.22-22.07.15:510][892]LogLoad: Game class is 'TopDownGameMode_C'
[2017.05.22-22.07.15:513][892]LogWorld: Bringing World /Game/TopDownBP/Maps/UEDPIE_0_TopDownExampleMap.TopDownExampleMap up for play (max tick rate 0) at 2017.05.22-15.07.15
[2017.05.22-22.07.15:513][892]LogWorld: Bringing up level for play took: 0.002200
[2017.05.22-22.07.15:552][892]LogContentBrowser: Native class hierarchy updated for 'MovieSceneCapture' in 0.0005 seconds. Added 11 classes and 0 folders.
[2017.05.22-22.07.15:552][892]PIE: Info Play in editor start time for /Game/TopDownBP/Maps/UEDPIE_0_TopDownExampleMap -0.352
[2017.05.22-22.07.15:552][892]LogBlueprintUserMessages: Late PlayInEditor Detection: Level '/Game/TopDownBP/Maps/TopDownExampleMap.TopDownExampleMap:PersistentLevel' has LevelScriptBlueprint '/Game/TopDownBP/Maps/TopDownExampleMap.TopDownExampleMap:PersistentLevel.TopDownExampleMap' with GeneratedClass '/Game/TopDownBP/Maps/TopDownExampleMap.TopDownExampleMap_C' with ClassGeneratedBy '/Game/TopDownBP/Maps/TopDownExampleMap.TopDownExampleMap:PersistentLevel.TopDownExampleMap'
[2017.05.22-22.08.08:613][699]LogBlueprintUserMessages: Early EndPlayMap Detection: Level '/Game/TopDownBP/Maps/TopDownExampleMap.TopDownExampleMap:PersistentLevel' has LevelScriptBlueprint '/Game/TopDownBP/Maps/TopDownExampleMap.TopDownExampleMap:PersistentLevel.TopDownExampleMap' with GeneratedClass '/Game/TopDownBP/Maps/TopDownExampleMap.TopDownExampleMap_C' with ClassGeneratedBy '/Game/TopDownBP/Maps/TopDownExampleMap.TopDownExampleMap:PersistentLevel.TopDownExampleMap'
[2017.05.22-22.08.08:713][699]LogBlueprintUserMessages: Late EndPlayMap Detection: Level '/Game/TopDownBP/Maps/TopDownExampleMap.TopDownExampleMap:PersistentLevel' has LevelScriptBlueprint '/Game/TopDownBP/Maps/TopDownExampleMap.TopDownExampleMap:PersistentLevel.TopDownExampleMap' with GeneratedClass '/Game/TopDownBP/Maps/TopDownExampleMap.TopDownExampleMap_C' with ClassGeneratedBy '/Game/TopDownBP/Maps/TopDownExampleMap.TopDownExampleMap:PersistentLevel.TopDownExampleMap'
[2017.05.22-22.12.15:819][ 76]BlueprintLog: New page: Compile TopDownCharacter
[2017.05.22-22.12.15:841][ 76]LogBlueprint:Error: [Compiler TopDownCharacter] Error This blueprint (self) is not a MatineeActor, therefore ' Target ' must have a connection.
[2017.05.22-22.12.15:841][ 76]LogBlueprint:Error: [Compiler TopDownCharacter] Error This blueprint (self) is not a MatineeActor, therefore ' Target ' must have a connection.
[2017.05.22-22.12.15:842][ 76]LogBlueprint:Error: [Compiler TopDownCharacter] Error Variable node  Get bDisableMovementInput  uses an invalid target.  It may depend on a node that is not connected to the execution chain, and got purged.
[2017.05.22-22.12.15:842][ 76]LogBlueprint:Error: [Compiler TopDownCharacter] Error Variable node  Get bDisableMovementInput  uses an invalid target.  It may depend on a node that is not connected to the execution chain, and got purged.
[2017.05.22-22.12.16:153][ 76]BlueprintEditorCompileResults:Error: Error This blueprint (self) is not a MatineeActor, therefore ' Target ' must have a connection.
[2017.05.22-22.12.16:153][ 76]BlueprintEditorCompileResults:Error: Error This blueprint (self) is not a MatineeActor, therefore ' Target ' must have a connection.
[2017.05.22-22.12.16:153][ 76]BlueprintEditorCompileResults:Error: Error Variable node  Get bDisableMovementInput  uses an invalid target.  It may depend on a node that is not connected to the execution chain, and got purged.
[2017.05.22-22.12.16:153][ 76]BlueprintEditorCompileResults:Error: Error Variable node  Get bDisableMovementInput  uses an invalid target.  It may depend on a node that is not connected to the execution chain, and got purged.
[2017.05.22-22.12.16:153][ 76]LogBlueprint:Warning: [Compiler TopDownCharacter] Warning [0903.36] Compile of TopDownCharacter failed. 4 Fatal Issue(s) 0 Warning(s) [in 334 ms] (/Game/TopDownBP/Blueprints/TopDownCharacter.TopDownCharacter)
[2017.05.22-22.13.45:407][ 85]BlueprintLog: New page: Compile TopDownCharacter
[2017.05.22-22.13.50:217][478]LogTemp: Repeting last play command: Selected Viewport
[2017.05.22-22.13.50:231][478]LogBlueprintUserMessages: Early PlayInEditor Detection: Level '/Game/TopDownBP/Maps/TopDownExampleMap.TopDownExampleMap:PersistentLevel' has LevelScriptBlueprint '/Game/TopDownBP/Maps/TopDownExampleMap.TopDownExampleMap:PersistentLevel.TopDownExampleMap' with GeneratedClass '/Game/TopDownBP/Maps/TopDownExampleMap.TopDownExampleMap_C' with ClassGeneratedBy '/Game/TopDownBP/Maps/TopDownExampleMap.TopDownExampleMap:PersistentLevel.TopDownExampleMap'
[2017.05.22-22.13.50:231][478]LogPlayLevel: PlayLevel: No blueprints needed recompiling
[2017.05.22-22.13.50:231][478]PIE: New page: PIE session: TopDownExampleMap (May 22, 2017, 8:13:50 AM)
[2017.05.22-22.13.50:231][478]LogPlayLevel: Creating play world package: /Game/TopDownBP/Maps/UEDPIE_0_TopDownExampleMap
[2017.05.22-22.13.50:259][478]LogPlayLevel: PIE: StaticDuplicateObject took: (0.027461s)
[2017.05.22-22.13.50:260][478]LogAIModule: Creating AISystem for world TopDownExampleMap
[2017.05.22-22.13.50:260][478]LogPlayLevel: PIE: World Init took: (0.000995s)
[2017.05.22-22.13.50:260][478]LogPlayLevel: PIE: Created PIE world by copying editor world from /Game/TopDownBP/Maps/TopDownExampleMap.TopDownExampleMap to /Game/TopDownBP/Maps/UEDPIE_0_TopDownExampleMap.TopDownExampleMap (0.028718s)
[2017.05.22-22.13.50:283][478]LogInit: XAudio2 using 'Speakers (Realtek High Definition Audio)' : 2 channels at 48 kHz using 32 bits per sample (channel mask 0x3)
[2017.05.22-22.13.50:296][478]LogInit: FAudioDevice initialized.
[2017.05.22-22.13.50:328][478]LogLoad: Game class is 'TopDownGameMode_C'
[2017.05.22-22.13.50:331][478]LogWorld: Bringing World /Game/TopDownBP/Maps/UEDPIE_0_TopDownExampleMap.TopDownExampleMap up for play (max tick rate 0) at 2017.05.22-15.13.50
[2017.05.22-22.13.50:331][478]LogWorld: Bringing up level for play took: 0.002326
[2017.05.22-22.13.50:332][478]PIE: Info Play in editor start time for /Game/TopDownBP/Maps/UEDPIE_0_TopDownExampleMap 0.428
[2017.05.22-22.13.50:332][478]LogBlueprintUserMessages: Late PlayInEditor Detection: Level '/Game/TopDownBP/Maps/TopDownExampleMap.TopDownExampleMap:PersistentLevel' has LevelScriptBlueprint '/Game/TopDownBP/Maps/TopDownExampleMap.TopDownExampleMap:PersistentLevel.TopDownExampleMap' with GeneratedClass '/Game/TopDownBP/Maps/TopDownExampleMap.TopDownExampleMap_C' with ClassGeneratedBy '/Game/TopDownBP/Maps/TopDownExampleMap.TopDownExampleMap:PersistentLevel.TopDownExampleMap'
[2017.05.22-22.14.04:087][117]LogBlueprintUserMessages: Early EndPlayMap Detection: Level '/Game/TopDownBP/Maps/TopDownExampleMap.TopDownExampleMap:PersistentLevel' has LevelScriptBlueprint '/Game/TopDownBP/Maps/TopDownExampleMap.TopDownExampleMap:PersistentLevel.TopDownExampleMap' with GeneratedClass '/Game/TopDownBP/Maps/TopDownExampleMap.TopDownExampleMap_C' with ClassGeneratedBy '/Game/TopDownBP/Maps/TopDownExampleMap.TopDownExampleMap:PersistentLevel.TopDownExampleMap'
[2017.05.22-22.14.04:184][117]LogBlueprintUserMessages: Late EndPlayMap Detection: Level '/Game/TopDownBP/Maps/TopDownExampleMap.TopDownExampleMap:PersistentLevel' has LevelScriptBlueprint '/Game/TopDownBP/Maps/TopDownExampleMap.TopDownExampleMap:PersistentLevel.TopDownExampleMap' with GeneratedClass '/Game/TopDownBP/Maps/TopDownExampleMap.TopDownExampleMap_C' with ClassGeneratedBy '/Game/TopDownBP/Maps/TopDownExampleMap.TopDownExampleMap:PersistentLevel.TopDownExampleMap'
[2017.05.22-22.14.33:802][513]BlueprintLog: New page: Compile TopDownCharacter
[2017.05.22-22.14.35:814][657]LogTemp: Repeting last play command: Selected Viewport
[2017.05.22-22.14.35:828][657]LogBlueprintUserMessages: Early PlayInEditor Detection: Level '/Game/TopDownBP/Maps/TopDownExampleMap.TopDownExampleMap:PersistentLevel' has LevelScriptBlueprint '/Game/TopDownBP/Maps/TopDownExampleMap.TopDownExampleMap:PersistentLevel.TopDownExampleMap' with GeneratedClass '/Game/TopDownBP/Maps/TopDownExampleMap.TopDownExampleMap_C' with ClassGeneratedBy '/Game/TopDownBP/Maps/TopDownExampleMap.TopDownExampleMap:PersistentLevel.TopDownExampleMap'
[2017.05.22-22.14.35:828][657]LogPlayLevel: PlayLevel: No blueprints needed recompiling
[2017.05.22-22.14.35:828][657]PIE: New page: PIE session: TopDownExampleMap (May 22, 2017, 8:14:35 AM)
[2017.05.22-22.14.35:828][657]LogPlayLevel: Creating play world package: /Game/TopDownBP/Maps/UEDPIE_0_TopDownExampleMap
[2017.05.22-22.14.35:854][657]LogPlayLevel: PIE: StaticDuplicateObject took: (0.025719s)
[2017.05.22-22.14.35:855][657]LogAIModule: Creating AISystem for world TopDownExampleMap
[2017.05.22-22.14.35:855][657]LogPlayLevel: PIE: World Init took: (0.000955s)
[2017.05.22-22.14.35:855][657]LogPlayLevel: PIE: Created PIE world by copying editor world from /Game/TopDownBP/Maps/TopDownExampleMap.TopDownExampleMap to /Game/TopDownBP/Maps/UEDPIE_0_TopDownExampleMap.TopDownExampleMap (0.026922s)
[2017.05.22-22.14.35:876][657]LogInit: XAudio2 using 'Speakers (Realtek High Definition Audio)' : 2 channels at 48 kHz using 32 bits per sample (channel mask 0x3)
[2017.05.22-22.14.35:888][657]LogInit: FAudioDevice initialized.
[2017.05.22-22.14.35:921][657]LogLoad: Game class is 'TopDownGameMode_C'
[2017.05.22-22.14.35:924][657]LogWorld: Bringing World /Game/TopDownBP/Maps/UEDPIE_0_TopDownExampleMap.TopDownExampleMap up for play (max tick rate 0) at 2017.05.22-15.14.35
[2017.05.22-22.14.35:924][657]LogWorld: Bringing up level for play took: 0.002127
[2017.05.22-22.14.35:925][657]PIE: Info Play in editor start time for /Game/TopDownBP/Maps/UEDPIE_0_TopDownExampleMap 0.021
[2017.05.22-22.14.35:925][657]LogBlueprintUserMessages: Late PlayInEditor Detection: Level '/Game/TopDownBP/Maps/TopDownExampleMap.TopDownExampleMap:PersistentLevel' has LevelScriptBlueprint '/Game/TopDownBP/Maps/TopDownExampleMap.TopDownExampleMap:PersistentLevel.TopDownExampleMap' with GeneratedClass '/Game/TopDownBP/Maps/TopDownExampleMap.TopDownExampleMap_C' with ClassGeneratedBy '/Game/TopDownBP/Maps/TopDownExampleMap.TopDownExampleMap:PersistentLevel.TopDownExampleMap'
[2017.05.22-22.15.41:656][989]LogBlueprintUserMessages: Early EndPlayMap Detection: Level '/Game/TopDownBP/Maps/TopDownExampleMap.TopDownExampleMap:PersistentLevel' has LevelScriptBlueprint '/Game/TopDownBP/Maps/TopDownExampleMap.TopDownExampleMap:PersistentLevel.TopDownExampleMap' with GeneratedClass '/Game/TopDownBP/Maps/TopDownExampleMap.TopDownExampleMap_C' with ClassGeneratedBy '/Game/TopDownBP/Maps/TopDownExampleMap.TopDownExampleMap:PersistentLevel.TopDownExampleMap'
[2017.05.22-22.15.41:756][989]LogBlueprintUserMessages: Late EndPlayMap Detection: Level '/Game/TopDownBP/Maps/TopDownExampleMap.TopDownExampleMap:PersistentLevel' has LevelScriptBlueprint '/Game/TopDownBP/Maps/TopDownExampleMap.TopDownExampleMap:PersistentLevel.TopDownExampleMap' with GeneratedClass '/Game/TopDownBP/Maps/TopDownExampleMap.TopDownExampleMap_C' with ClassGeneratedBy '/Game/TopDownBP/Maps/TopDownExampleMap.TopDownExampleMap:PersistentLevel.TopDownExampleMap'
[2017.05.22-22.19.31:930][463]LogSavePackage: Save=159.57ms
[2017.05.22-22.19.31:931][463]LogSavePackage: Moving '../../../../../../Users/simps/Dropbox/Duc's Academics/Cal Poly/2016 - 2017/CSC 371/Dino/Saved/TopDownExampleMap_Auto1D691931048BF43D357307EB3491D1E2C.tmp' to '../../../../../../Users/simps/Dropbox/Duc's Academics/Cal Poly/2016 - 2017/CSC 371/Dino/Saved/Autosaves/Game/TopDownBP/Maps/TopDownExampleMap_Auto1.umap'
[2017.05.22-22.19.31:934][463]LogSavePackage:Display: Finished SavePackage ../../../../../../Users/simps/Dropbox/Duc's Academics/Cal Poly/2016 - 2017/CSC 371/Dino/Saved/Autosaves/Game/TopDownBP/Maps/TopDownExampleMap_Auto1.umap
[2017.05.22-22.19.31:938][463]LogFileHelpers: Editor autosave (incl. sublevels) for '/Game/TopDownBP/Maps/TopDownExampleMap' took 0.216
[2017.05.22-22.19.31:938][463]LogFileHelpers: Editor autosave (incl. sublevels) for all levels took 0.216
[2017.05.22-22.19.31:941][463]OBJ SavePackage: Generating thumbnails for [1] asset(s) in package [/Game/TopDownBP/Blueprints/TopDownCharacter] ([1] browsable assets)...
[2017.05.22-22.19.31:963][463]OBJ SavePackage:     Rendered thumbnail for [Blueprint /Game/TopDownBP/Blueprints/TopDownCharacter.TopDownCharacter]
[2017.05.22-22.19.31:963][463]OBJ SavePackage: Finished generating thumbnails for package [/Game/TopDownBP/Blueprints/TopDownCharacter]
[2017.05.22-22.19.32:028][463]LogSavePackage: Save=56.58ms
[2017.05.22-22.19.32:028][463]LogSavePackage: Moving '../../../../../../Users/simps/Dropbox/Duc's Academics/Cal Poly/2016 - 2017/CSC 371/Dino/Saved/TopDownCharacter_Auto1C9E69B444EE7F3739E5417910758E287.tmp' to '../../../../../../Users/simps/Dropbox/Duc's Academics/Cal Poly/2016 - 2017/CSC 371/Dino/Saved/Autosaves/Game/TopDownBP/Blueprints/TopDownCharacter_Auto1.uasset'
[2017.05.22-22.19.32:030][463]LogSavePackage:Display: Finished SavePackage ../../../../../../Users/simps/Dropbox/Duc's Academics/Cal Poly/2016 - 2017/CSC 371/Dino/Saved/Autosaves/Game/TopDownBP/Blueprints/TopDownCharacter_Auto1.uasset
[2017.05.22-22.19.32:030][463]LogFileHelpers: Auto-saving content packages took 0.091
[2017.05.22-22.20.47:658][735]LogSavePackage: Save=46.21ms
[2017.05.22-22.20.47:658][735]LogSavePackage: Moving '../../../../../../Users/simps/Dropbox/Duc's Academics/Cal Poly/2016 - 2017/CSC 371/Dino/Saved/TopDownCharacterA29CE8AE4EDFAF61AC2F29A9021245FA.tmp' to '../../../../../../Users/simps/Dropbox/Duc's Academics/Cal Poly/2016 - 2017/CSC 371/Dino/Content/TopDownBP/Blueprints/TopDownCharacter.uasset'
[2017.05.22-22.20.47:663][735]LogSavePackage:Display: Finished SavePackage ../../../../../../Users/simps/Dropbox/Duc's Academics/Cal Poly/2016 - 2017/CSC 371/Dino/Content/TopDownBP/Blueprints/TopDownCharacter.uasset
[2017.05.22-22.20.48:516][781]BlueprintLog: New page: Compile TopDownCharacter
[2017.05.22-22.20.51:938][ 30]LogSavePackage: Save=137.50ms
[2017.05.22-22.20.51:938][ 30]LogSavePackage: Moving '../../../../../../Users/simps/Dropbox/Duc's Academics/Cal Poly/2016 - 2017/CSC 371/Dino/Saved/TopDownExampleMap0A6BEBD643D29D6C9AD91DA5E6F61A86.tmp' to '../../../../../../Users/simps/Dropbox/Duc's Academics/Cal Poly/2016 - 2017/CSC 371/Dino/Content/TopDownBP/Maps/TopDownExampleMap.umap'
[2017.05.22-22.20.51:941][ 30]LogSavePackage:Display: Finished SavePackage ../../../../../../Users/simps/Dropbox/Duc's Academics/Cal Poly/2016 - 2017/CSC 371/Dino/Content/TopDownBP/Maps/TopDownExampleMap.umap
[2017.05.22-22.20.52:093][ 30]LogSavePackage: Save=106.11ms
[2017.05.22-22.20.52:093][ 30]LogSavePackage: Moving '../../../../../../Users/simps/Dropbox/Duc's Academics/Cal Poly/2016 - 2017/CSC 371/Dino/Saved/TopDownExampleMap_BuiltDataEBB36A9040BCC34E26E13E84DDA1F3FC.tmp' to '../../../../../../Users/simps/Dropbox/Duc's Academics/Cal Poly/2016 - 2017/CSC 371/Dino/Content/TopDownBP/Maps/TopDownExampleMap_BuiltData.uasset'
[2017.05.22-22.20.52:094][ 30]LogSavePackage:Display: Finished SavePackage ../../../../../../Users/simps/Dropbox/Duc's Academics/Cal Poly/2016 - 2017/CSC 371/Dino/Content/TopDownBP/Maps/TopDownExampleMap_BuiltData.uasset
[2017.05.22-22.20.56:555][488]LogUProjectInfo: Found projects:
[2017.05.22-22.21.02:250][104]LogWindowsTextInputMethodSystem:Display: IME system now deactivated.
[2017.05.22-22.21.02:467][105]Cmd: QUIT_EDITOR
[2017.05.22-22.21.02:954][105]LogExit: Preparing to exit.
[2017.05.22-22.21.03:939][105]LogDirectoryWatcher: A directory notification for 'C:/Users/simps/Dropbox/Duc's Academics/Cal Poly/2016 - 2017/CSC 371/Dino/Content/' was aborted.
[2017.05.22-22.21.04:020][105]LogExit: Editor shut down
[2017.05.22-22.21.04:021][105]LogExit: Transaction tracking system shut down
[2017.05.22-22.21.04:289][105]LogObj: Freed 0b from 0 cluster array pools.
[2017.05.22-22.21.04:289][105]LogExit: Object subsystem successfully closed.
[2017.05.22-22.21.04:297][105]LogD3D11RHI: Shutdown
[2017.05.22-22.21.04:297][105]LogD3D11RHI: CleanupD3DDevice
[2017.05.22-22.21.04:359][105]LogD3D11RHI: ~FD3D11DynamicRHI
[2017.05.22-22.21.04:373][105]LogModuleManager: Shutting down and abandoning module MovieSceneCapture (506)
[2017.05.22-22.21.04:373][105]LogModuleManager: Shutting down and abandoning module ExternalImagePicker (504)
[2017.05.22-22.21.04:373][105]LogModuleManager: Shutting down and abandoning module BlueprintGraph (502)
[2017.05.22-22.21.04:373][105]LogModuleManager: Shutting down and abandoning module BlueprintProfiler (500)
[2017.05.22-22.21.04:373][105]LogModuleManager: Shutting down and abandoning module HierarchicalLODOutliner (498)
[2017.05.22-22.21.04:373][105]LogModuleManager: Shutting down and abandoning module CrashTracker (496)
[2017.05.22-22.21.04:373][105]LogModuleManager: Shutting down and abandoning module SceneOutliner (494)
[2017.05.22-22.21.04:373][105]LogModuleManager: Shutting down and abandoning module AddContentDialog (492)
[2017.05.22-22.21.04:373][105]LogDirectoryWatcher: A directory notification for 'C:/Program Files/Epic Games/UE_4.15/FeaturePacks/' was aborted.
[2017.05.22-22.21.04:374][105]LogModuleManager: Shutting down and abandoning module WidgetCarousel (491)
[2017.05.22-22.21.04:374][105]LogModuleManager: Shutting down and abandoning module EditorWidgets (488)
[2017.05.22-22.21.04:374][105]LogModuleManager: Shutting down and abandoning module CollectionManager (486)
[2017.05.22-22.21.04:374][105]LogDirectoryWatcher: A directory notification for 'C:/Users/simps/Dropbox/Duc's Academics/Cal Poly/2016 - 2017/CSC 371/Dino/Content/Collections/' was aborted.
[2017.05.22-22.21.04:374][105]LogDirectoryWatcher: A directory notification for 'C:/Users/simps/Dropbox/Duc's Academics/Cal Poly/2016 - 2017/CSC 371/Dino/Content/Developers/simps/Collections/' was aborted.
[2017.05.22-22.21.04:374][105]LogDirectoryWatcher: A directory notification for 'C:/Users/simps/Dropbox/Duc's Academics/Cal Poly/2016 - 2017/CSC 371/Dino/Saved/Collections/' was aborted.
[2017.05.22-22.21.04:374][105]LogModuleManager: Shutting down and abandoning module StatsViewer (484)
[2017.05.22-22.21.04:374][105]LogModuleManager: Shutting down and abandoning module FoliageEdit (482)
[2017.05.22-22.21.04:374][105]LogModuleManager: Shutting down and abandoning module LandscapeEditor (480)
[2017.05.22-22.21.04:374][105]LogModuleManager: Shutting down and abandoning module SceneDepthPickerMode (478)
[2017.05.22-22.21.04:374][105]LogModuleManager: Shutting down and abandoning module ActorPickerMode (476)
[2017.05.22-22.21.04:374][105]LogModuleManager: Shutting down and abandoning module GeometryMode (474)
[2017.05.22-22.21.04:374][105]LogModuleManager: Shutting down and abandoning module TextureAlignMode (472)
[2017.05.22-22.21.04:374][105]LogModuleManager: Shutting down and abandoning module BspMode (470)
[2017.05.22-22.21.04:374][105]LogModuleManager: Shutting down and abandoning module HardwareSurvey (468)
[2017.05.22-22.21.04:374][105]LogModuleManager: Shutting down and abandoning module SequenceRecorderSections (466)
[2017.05.22-22.21.04:374][105]LogModuleManager: Shutting down and abandoning module AutomationWorker (464)
[2017.05.22-22.21.04:374][105]LogModuleManager: Shutting down and abandoning module MatineeToLevelSequence (462)
[2017.05.22-22.21.04:374][105]LogModuleManager: Shutting down and abandoning module LevelSequenceEditor (460)
[2017.05.22-22.21.04:374][105]LogModuleManager: Shutting down and abandoning module PlacementMode (459)
[2017.05.22-22.21.04:374][105]LogModuleManager: Shutting down and abandoning module WmfMediaFactory (456)
[2017.05.22-22.21.04:374][105]LogModuleManager: Shutting down and abandoning module WmfMediaEditor (454)
[2017.05.22-22.21.04:374][105]LogModuleManager: Shutting down and abandoning module MfMediaFactory (452)
[2017.05.22-22.21.04:374][105]LogModuleManager: Shutting down and abandoning module MfMediaEditor (450)
[2017.05.22-22.21.04:374][105]LogModuleManager: Shutting down and abandoning module AvfMediaFactory (448)
[2017.05.22-22.21.04:374][105]LogModuleManager: Shutting down and abandoning module AvfMediaEditor (446)
[2017.05.22-22.21.04:374][105]LogModuleManager: Shutting down and abandoning module AndroidMediaFactory (444)
[2017.05.22-22.21.04:374][105]LogModuleManager: Shutting down and abandoning module Media (443)
[2017.05.22-22.21.04:374][105]LogModuleManager: Shutting down and abandoning module AndroidMediaEditor (440)
[2017.05.22-22.21.04:374][105]LogModuleManager: Shutting down and abandoning module CharacterAI (438)
[2017.05.22-22.21.04:374][105]LogModuleManager: Shutting down and abandoning module AudioCapture (436)
[2017.05.22-22.21.04:374][105]LogModuleManager: Shutting down and abandoning module SequenceRecorder (435)
[2017.05.22-22.21.04:374][105]LogModuleManager: Shutting down and abandoning module SmartSnapping (432)
[2017.05.22-22.21.04:374][105]LogModuleManager: Shutting down and abandoning module SessionServices (430)
[2017.05.22-22.21.04:374][105]LogModuleManager: Shutting down and abandoning module ViewportSnapping (428)
[2017.05.22-22.21.04:374][105]LogModuleManager: Shutting down and abandoning module ViewportInteraction (426)
[2017.05.22-22.21.04:374][105]LogModuleManager: Shutting down and abandoning module LogVisualizer (424)
[2017.05.22-22.21.04:374][105]LogModuleManager: Shutting down and abandoning module IntroTutorials (422)
[2017.05.22-22.21.04:374][105]LogModuleManager: Shutting down and abandoning module GameProjectGeneration (421)
[2017.05.22-22.21.04:374][105]LogModuleManager: Shutting down and abandoning module EditorLiveStreaming (418)
[2017.05.22-22.21.04:374][105]LogModuleManager: Shutting down and abandoning module IOSPlatformEditor (416)
[2017.05.22-22.21.04:374][105]LogModuleManager: Shutting down and abandoning module HTML5PlatformEditor (414)
[2017.05.22-22.21.04:374][105]LogModuleManager: Shutting down and abandoning module AndroidPlatformEditor (412)
[2017.05.22-22.21.04:374][105]LogModuleManager: Shutting down and abandoning module AndroidDeviceDetection (411)
[2017.05.22-22.21.04:680][105]LogModuleManager: Shutting down and abandoning module IOSRuntimeSettings (408)
[2017.05.22-22.21.04:680][105]LogModuleManager: Shutting down and abandoning module AndroidRuntimeSettings (406)
[2017.05.22-22.21.04:680][105]LogModuleManager: Shutting down and abandoning module InputBindingEditor (404)
[2017.05.22-22.21.04:680][105]LogModuleManager: Shutting down and abandoning module NiagaraEditor (402)
[2017.05.22-22.21.04:680][105]LogModuleManager: Shutting down and abandoning module MergeActors (400)
[2017.05.22-22.21.04:680][105]LogModuleManager: Shutting down and abandoning module SizeMap (398)
[2017.05.22-22.21.04:680][105]LogModuleManager: Shutting down and abandoning module TreeMap (396)
[2017.05.22-22.21.04:680][105]LogModuleManager: Shutting down and abandoning module ReferenceViewer (394)
[2017.05.22-22.21.04:680][105]LogModuleManager: Shutting down and abandoning module LocalizationDashboard (392)
[2017.05.22-22.21.04:680][105]LogModuleManager: Shutting down and abandoning module LocalizationService (391)
[2017.05.22-22.21.04:680][105]LogModuleManager: Shutting down and abandoning module HardwareTargeting (388)
[2017.05.22-22.21.04:680][105]LogModuleManager: Shutting down and abandoning module DeviceProfileEditor (386)
[2017.05.22-22.21.04:680][105]LogModuleManager: Shutting down and abandoning module UndoHistory (384)
[2017.05.22-22.21.04:680][105]LogModuleManager: Shutting down and abandoning module UserFeedback (382)
[2017.05.22-22.21.04:680][105]LogModuleManager: Shutting down and abandoning module XmlParser (380)
[2017.05.22-22.21.04:680][105]LogModuleManager: Shutting down and abandoning module Blutility (378)
[2017.05.22-22.21.04:680][105]LogModuleManager: Shutting down and abandoning module ProjectSettingsViewer (376)
[2017.05.22-22.21.04:680][105]LogModuleManager: Shutting down and abandoning module ProjectTargetPlatformEditor (375)
[2017.05.22-22.21.04:680][105]LogModuleManager: Shutting down and abandoning module EditorSettingsViewer (372)
[2017.05.22-22.21.04:680][105]LogModuleManager: Shutting down and abandoning module SettingsEditor (370)
[2017.05.22-22.21.04:680][105]LogModuleManager: Shutting down and abandoning module ProjectLauncher (368)
[2017.05.22-22.21.04:680][105]LogModuleManager: Shutting down and abandoning module SessionFrontend (366)
[2017.05.22-22.21.04:680][105]LogModuleManager: Shutting down and abandoning module ProfilerClient (364)
[2017.05.22-22.21.04:680][105]LogModuleManager: Shutting down and abandoning module DeviceManager (362)
[2017.05.22-22.21.04:680][105]LogModuleManager: Shutting down and abandoning module TargetDeviceServices (361)
[2017.05.22-22.21.04:732][105]LogModuleManager: Shutting down and abandoning module AutomationController (358)
[2017.05.22-22.21.04:732][105]LogModuleManager: Shutting down and abandoning module AutomationWindow (356)
[2017.05.22-22.21.04:732][105]LogModuleManager: Shutting down and abandoning module Layers (354)
[2017.05.22-22.21.04:732][105]LogModuleManager: Shutting down and abandoning module ComponentVisualizers (352)
[2017.05.22-22.21.04:732][105]LogModuleManager: Shutting down and abandoning module DetailCustomizations (350)
[2017.05.22-22.21.04:732][105]LogModuleManager: Shutting down and abandoning module PackagesDialog (348)
[2017.05.22-22.21.04:732][105]LogModuleManager: Shutting down and abandoning module Persona (346)
[2017.05.22-22.21.04:732][105]LogModuleManager: Shutting down and abandoning module AnimGraph (345)
[2017.05.22-22.21.04:732][105]LogModuleManager: Shutting down and abandoning module Kismet (342)
[2017.05.22-22.21.04:739][105]LogModuleManager: Shutting down and abandoning module GraphEditor (340)
[2017.05.22-22.21.04:739][105]LogModuleManager: Shutting down and abandoning module ClassViewer (338)
[2017.05.22-22.21.04:740][105]LogModuleManager: Shutting down and abandoning module Toolbox (336)
[2017.05.22-22.21.04:740][105]LogModuleManager: Shutting down and abandoning module ModuleUI (334)
[2017.05.22-22.21.04:740][105]LogModuleManager: Shutting down and abandoning module MovieSceneTools (332)
[2017.05.22-22.21.04:740][105]LogModuleManager: Shutting down and abandoning module OutputLog (330)
[2017.05.22-22.21.04:740][105]LogModuleManager: Shutting down and abandoning module GammaUI (328)
[2017.05.22-22.21.04:740][105]LogModuleManager: Shutting down and abandoning module Documentation (326)
[2017.05.22-22.21.04:740][105]LogModuleManager: Shutting down and abandoning module Niagara (324)
[2017.05.22-22.21.04:740][105]LogModuleManager: Shutting down and abandoning module StreamingPauseRendering (322)
[2017.05.22-22.21.04:740][105]LogModuleManager: Shutting down and abandoning module AnalyticsET (320)
[2017.05.22-22.21.04:740][105]LogModuleManager: Shutting down and abandoning module PortalServices (318)
[2017.05.22-22.21.04:740][105]LogModuleManager: Shutting down and abandoning module PortalRpc (316)
[2017.05.22-22.21.04:740][105]LogModuleManager: Shutting down and abandoning module MessagingRpc (314)
[2017.05.22-22.21.04:740][105]LogModuleManager: Shutting down and abandoning module AIModule (312)
[2017.05.22-22.21.04:740][105]LogModuleManager: Shutting down and abandoning module GameplayDebugger (311)
[2017.05.22-22.21.04:740][105]LogModuleManager: Shutting down and abandoning module AITestSuite (309)
[2017.05.22-22.21.04:740][105]LogModuleManager: Shutting down and abandoning module ProfilerService (306)
[2017.05.22-22.21.04:766][105]LogModuleManager: Shutting down and abandoning module TaskGraph (304)
[2017.05.22-22.21.04:766][105]LogModuleManager: Shutting down and abandoning module SteamVRController (302)
[2017.05.22-22.21.04:766][105]LogModuleManager: Shutting down and abandoning module SteamVR (300)
[2017.05.22-22.21.04:766][105]LogModuleManager: Shutting down and abandoning module ProceduralMeshComponentEditor (298)
[2017.05.22-22.21.04:766][105]LogModuleManager: Shutting down and abandoning module ProceduralMeshComponent (296)
[2017.05.22-22.21.04:766][105]LogModuleManager: Shutting down and abandoning module OculusLibrary (294)
[2017.05.22-22.21.04:766][105]LogModuleManager: Shutting down and abandoning module OculusInput (292)
[2017.05.22-22.21.04:766][105]LogModuleManager: Shutting down and abandoning module MobilePatchingUtils (290)
[2017.05.22-22.21.04:766][105]LogModuleManager: Shutting down and abandoning module CustomMeshComponent (288)
[2017.05.22-22.21.04:766][105]LogModuleManager: Shutting down and abandoning module CableComponent (286)
[2017.05.22-22.21.04:766][105]LogModuleManager: Shutting down and abandoning module ArchVisCharacter (284)
[2017.05.22-22.21.04:766][105]LogModuleManager: Shutting down and abandoning module MediaPlayerEditor (280)
[2017.05.22-22.21.04:766][105]LogModuleManager: Shutting down and abandoning module HTML5Networking (278)
[2017.05.22-22.21.04:766][105]LogModuleManager: Shutting down and abandoning module AlembicImporter (276)
[2017.05.22-22.21.04:766][105]LogModuleManager: Shutting down and abandoning module AlembicLibrary (275)
[2017.05.22-22.21.04:766][105]LogModuleManager: Shutting down and abandoning module GeometryCache (274)
[2017.05.22-22.21.04:766][105]LogModuleManager: Shutting down and abandoning module GeometryCacheEd (273)
[2017.05.22-22.21.04:766][105]LogModuleManager: Shutting down and abandoning module SuperSearchEditor (268)
[2017.05.22-22.21.04:766][105]LogModuleManager: Shutting down and abandoning module SuperSearch (267)
[2017.05.22-22.21.04:766][105]LogModuleManager: Shutting down and abandoning module SpeedTreeImporter (264)
[2017.05.22-22.21.04:766][105]LogModuleManager: Shutting down and abandoning module PluginBrowser (262)
[2017.05.22-22.21.04:767][105]LogModuleManager: Shutting down and abandoning module MobileLauncherProfileWizard (260)
[2017.05.22-22.21.04:767][105]LogModuleManager: Shutting down and abandoning module EpicSurvey (258)
[2017.05.22-22.21.04:767][105]LogModuleManager: Shutting down and abandoning module VisualStudioSourceCodeAccess (256)
[2017.05.22-22.21.04:767][105]LogModuleManager: Shutting down and abandoning module DesktopPlatform (255)
[2017.05.22-22.21.04:767][105]LogModuleManager: Shutting down and abandoning module UObjectPlugin (252)
[2017.05.22-22.21.04:767][105]LogModuleManager: Shutting down and abandoning module SubversionSourceControl (250)
[2017.05.22-22.21.04:767][105]LogModuleManager: Shutting down and abandoning module PerforceSourceControl (248)
[2017.05.22-22.21.04:767][105]LogModuleManager: Shutting down and abandoning module GitSourceControl (246)
[2017.05.22-22.21.04:767][105]LogModuleManager: Shutting down and abandoning module SourceControl (245)
[2017.05.22-22.21.04:767][105]LogModuleManager: Shutting down and abandoning module LightPropagationVolumeEditor (242)
[2017.05.22-22.21.04:767][105]LogModuleManager: Shutting down and abandoning module PaperTiledImporter (240)
[2017.05.22-22.21.04:767][105]LogModuleManager: Shutting down and abandoning module PaperSpriteSheetImporter (238)
[2017.05.22-22.21.04:767][105]LogModuleManager: Shutting down and abandoning module Paper2DEditor (236)
[2017.05.22-22.21.04:767][105]LogModuleManager: Shutting down and abandoning module MeshPaint (235)
[2017.05.22-22.21.04:767][105]LogModuleManager: Shutting down and abandoning module LevelEditor (233)
[2017.05.22-22.21.04:768][105]LogModuleManager: Shutting down and abandoning module PixelInspectorModule (232)
[2017.05.22-22.21.04:768][105]LogModuleManager: Shutting down and abandoning module MainFrame (230)
[2017.05.22-22.21.04:768][105]LogModuleManager: Shutting down and abandoning module HotReload (229)
[2017.05.22-22.21.04:768][105]LogModuleManager: Shutting down and abandoning module ContentBrowser (225)
[2017.05.22-22.21.04:769][105]LogModuleManager: Shutting down and abandoning module PhysXVehiclesEditor (222)
[2017.05.22-22.21.04:769][105]LogModuleManager: Shutting down and abandoning module PhysXVehicles (220)
[2017.05.22-22.21.04:769][105]LogModuleManager: Shutting down and abandoning module LocationServicesBPLibrary (218)
[2017.05.22-22.21.04:769][105]LogModuleManager: Shutting down and abandoning module UdpMessaging (216)
[2017.05.22-22.21.04:870][105]LogModuleManager: Shutting down and abandoning module TcpMessaging (214)
[2017.05.22-22.21.04:970][105]LogModuleManager: Shutting down and abandoning module GameplayTagsEditor (212)
[2017.05.22-22.21.04:970][105]LogModuleManager: Shutting down and abandoning module FacialAnimationEditor (210)
[2017.05.22-22.21.04:970][105]LogModuleManager: Shutting down and abandoning module FacialAnimation (208)
[2017.05.22-22.21.04:970][105]LogModuleManager: Shutting down and abandoning module LightPropagationVolumeRuntime (206)
[2017.05.22-22.21.04:970][105]LogModuleManager: Shutting down and abandoning module Paper2D (204)
[2017.05.22-22.21.04:970][105]LogModuleManager: Shutting down and abandoning module WindowsMoviePlayer (202)
[2017.05.22-22.21.04:970][105]LogModuleManager: Shutting down and abandoning module WmfMedia (200)
[2017.05.22-22.21.04:970][105]LogModuleManager: Shutting down and abandoning module MfMedia (198)
[2017.05.22-22.21.04:970][105]LogModuleManager: Shutting down and abandoning module MediaAssets (196)
[2017.05.22-22.21.04:970][105]LogModuleManager: Shutting down and abandoning module GameLiveStreaming (194)
[2017.05.22-22.21.04:970][105]LogModuleManager: Shutting down and abandoning module VREditor (192)
[2017.05.22-22.21.04:970][105]LogModuleManager: Shutting down and abandoning module GameplayTasksEditor (190)
[2017.05.22-22.21.04:970][105]LogModuleManager: Shutting down and abandoning module BehaviorTreeEditor (188)
[2017.05.22-22.21.04:970][105]LogModuleManager: Shutting down and abandoning module FunctionalTesting (186)
[2017.05.22-22.21.04:970][105]LogModuleManager: Shutting down and abandoning module CollisionAnalyzer (184)
[2017.05.22-22.21.04:970][105]LogModuleManager: Shutting down and abandoning module UMG (182)
[2017.05.22-22.21.04:970][105]LogModuleManager: Shutting down and abandoning module UMGEditor (181)
[2017.05.22-22.21.04:970][105]LogModuleManager: Shutting down and abandoning module Sequencer (180)
[2017.05.22-22.21.04:970][105]LogModuleManager: Shutting down and abandoning module AssetTools (178)
[2017.05.22-22.21.04:970][105]LogModuleManager: Shutting down and abandoning module MessageLog (177)
[2017.05.22-22.21.04:970][105]LogModuleManager: Shutting down and abandoning module WorkspaceMenuStructure (176)
[2017.05.22-22.21.04:970][105]LogModuleManager: Shutting down and abandoning module SlateReflector (170)
[2017.05.22-22.21.04:970][105]LogModuleManager: Shutting down and abandoning module Slate (168)
[2017.05.22-22.21.04:970][105]LogModuleManager: Shutting down and abandoning module EditorStyle (166)
[2017.05.22-22.21.04:972][105]LogModuleManager: Shutting down and abandoning module SourceCodeAccess (164)
[2017.05.22-22.21.04:972][105]LogModuleManager: Shutting down and abandoning module HeadMountedDisplay (162)
[2017.05.22-22.21.04:972][105]LogModuleManager: Shutting down and abandoning module XAudio2 (160)
[2017.05.22-22.21.04:972][105]LogModuleManager: Shutting down and abandoning module Networking (158)
[2017.05.22-22.21.04:972][105]LogModuleManager: Shutting down and abandoning module Core (154)
[2017.05.22-22.21.04:972][105]LogModuleManager: Shutting down and abandoning module AssetRegistry (152)
[2017.05.22-22.21.05:141][105]LogDirectoryWatcher: A directory notification for '../../../Engine/Content/' was aborted.
[2017.05.22-22.21.05:141][105]LogDirectoryWatcher: A directory notification for '../../../../../../Users/simps/Dropbox/Duc's Academics/Cal Poly/2016 - 2017/CSC 371/Dino/Content/' was aborted.
[2017.05.22-22.21.05:141][105]LogDirectoryWatcher: A directory notification for '../../../Engine/Plugins/2D/Paper2D/Content/' was aborted.
[2017.05.22-22.21.05:141][105]LogModuleManager: Shutting down and abandoning module DirectoryWatcher (151)
[2017.05.22-22.21.05:142][105]LogModuleManager: Shutting down and abandoning module KismetCompiler (148)
[2017.05.22-22.21.05:142][105]LogModuleManager: Shutting down and abandoning module PhysXFormats (146)
[2017.05.22-22.21.05:142][105]LogModuleManager: Shutting down and abandoning module MeshUtilities (144)
[2017.05.22-22.21.05:142][105]LogModuleManager: Shutting down and abandoning module SimplygonSwarm (143)
[2017.05.22-22.21.05:142][105]LogModuleManager: Shutting down and abandoning module SimplygonMeshReduction (141)
[2017.05.22-22.21.05:142][105]LogModuleManager: Shutting down and abandoning module QuadricMeshReduction (139)
[2017.05.22-22.21.05:142][105]LogModuleManager: Shutting down and abandoning module PropertyEditor (137)
[2017.05.22-22.21.05:142][105]LogModuleManager: Shutting down and abandoning module DerivedDataCache (134)
[2017.05.22-22.21.05:207][105]LogDerivedDataCache: Shutdown
[2017.05.22-22.21.05:207][105]LogModuleManager: Shutting down and abandoning module TargetPlatform (132)
[2017.05.22-22.21.05:207][105]LogModuleManager: Shutting down and abandoning module VulkanShaderFormat (131)
[2017.05.22-22.21.05:207][105]LogModuleManager: Shutting down and abandoning module ShaderFormatOpenGL (129)
[2017.05.22-22.21.05:207][105]LogModuleManager: Shutting down and abandoning module ShaderFormatD3D (127)
[2017.05.22-22.21.05:207][105]LogModuleManager: Shutting down and abandoning module MetalShaderFormat (125)
[2017.05.22-22.21.05:207][105]LogModuleManager: Shutting down and abandoning module TextureFormatUncompressed (123)
[2017.05.22-22.21.05:207][105]LogModuleManager: Shutting down and abandoning module TextureFormatPVR (121)
[2017.05.22-22.21.05:207][105]LogModuleManager: Shutting down and abandoning module TextureFormatDXT (119)
[2017.05.22-22.21.05:207][105]LogModuleManager: Shutting down and abandoning module TextureFormatIntelISPCTexComp (117)
[2017.05.22-22.21.05:207][105]LogModuleManager: Shutting down and abandoning module TextureFormatASTC (115)
[2017.05.22-22.21.05:207][105]LogModuleManager: Shutting down and abandoning module ImageWrapper (114)
[2017.05.22-22.21.05:207][105]LogModuleManager: Shutting down and abandoning module TextureFormatAndroid (111)
[2017.05.22-22.21.05:207][105]LogModuleManager: Shutting down and abandoning module AudioFormatOpus (109)
[2017.05.22-22.21.05:207][105]LogModuleManager: Shutting down and abandoning module AudioFormatOgg (107)
[2017.05.22-22.21.05:207][105]LogModuleManager: Shutting down and abandoning module AudioFormatADPCM (105)
[2017.05.22-22.21.05:207][105]LogModuleManager: Shutting down and abandoning module LinuxTargetPlatform (103)
[2017.05.22-22.21.05:207][105]LogModuleManager: Shutting down and abandoning module LinuxServerTargetPlatform (101)
[2017.05.22-22.21.05:207][105]LogModuleManager: Shutting down and abandoning module LinuxNoEditorTargetPlatform (99)
[2017.05.22-22.21.05:207][105]LogModuleManager: Shutting down and abandoning module LinuxClientTargetPlatform (97)
[2017.05.22-22.21.05:207][105]LogModuleManager: Shutting down and abandoning module TVOSTargetPlatform (95)
[2017.05.22-22.21.05:207][105]LogModuleManager: Shutting down and abandoning module Messaging (93)
[2017.05.22-22.21.05:207][105]LogModuleManager: Shutting down and abandoning module IOSTargetPlatform (91)
[2017.05.22-22.21.05:207][105]LogModuleManager: Shutting down and abandoning module HTML5TargetPlatform (89)
[2017.05.22-22.21.05:207][105]LogModuleManager: Shutting down and abandoning module Android_PVRTCTargetPlatform (87)
[2017.05.22-22.21.05:207][105]LogModuleManager: Shutting down and abandoning module Android_MultiTargetPlatform (85)
[2017.05.22-22.21.05:207][105]LogModuleManager: Shutting down and abandoning module Android_ETC2TargetPlatform (83)
[2017.05.22-22.21.05:207][105]LogModuleManager: Shutting down and abandoning module Android_ETC1TargetPlatform (81)
[2017.05.22-22.21.05:207][105]LogModuleManager: Shutting down and abandoning module Android_DXTTargetPlatform (79)
[2017.05.22-22.21.05:207][105]LogModuleManager: Shutting down and abandoning module Android_ATCTargetPlatform (77)
[2017.05.22-22.21.05:207][105]LogModuleManager: Shutting down and abandoning module Android_ASTCTargetPlatform (75)
[2017.05.22-22.21.05:207][105]LogModuleManager: Shutting down and abandoning module AndroidTargetPlatform (73)
[2017.05.22-22.21.05:207][105]LogModuleManager: Shutting down and abandoning module WindowsTargetPlatform (71)
[2017.05.22-22.21.05:207][105]LogModuleManager: Shutting down and abandoning module WindowsServerTargetPlatform (69)
[2017.05.22-22.21.05:207][105]LogModuleManager: Shutting down and abandoning module WindowsNoEditorTargetPlatform (67)
[2017.05.22-22.21.05:207][105]LogModuleManager: Shutting down and abandoning module WindowsClientTargetPlatform (65)
[2017.05.22-22.21.05:207][105]LogModuleManager: Shutting down and abandoning module MacTargetPlatform (63)
[2017.05.22-22.21.05:207][105]LogModuleManager: Shutting down and abandoning module MacServerTargetPlatform (61)
[2017.05.22-22.21.05:207][105]LogModuleManager: Shutting down and abandoning module MacNoEditorTargetPlatform (59)
[2017.05.22-22.21.05:207][105]LogModuleManager: Shutting down and abandoning module MacClientTargetPlatform (57)
[2017.05.22-22.21.05:207][105]LogModuleManager: Shutting down and abandoning module AllDesktopTargetPlatform (55)
[2017.05.22-22.21.05:207][105]LogModuleManager: Shutting down and abandoning module InputCore (52)
[2017.05.22-22.21.05:208][105]LogModuleManager: Shutting down and abandoning module Settings (50)
[2017.05.22-22.21.05:208][105]LogModuleManager: Shutting down and abandoning module OculusRift (48)
[2017.05.22-22.21.05:208][105]LogModuleManager: Shutting down and abandoning module GearVR (46)
[2017.05.22-22.21.05:208][105]LogModuleManager: Shutting down and abandoning module ExampleDeviceProfileSelector (44)
[2017.05.22-22.21.05:208][105]LogModuleManager: Shutting down and abandoning module OnlineBlueprintSupport (42)
[2017.05.22-22.21.05:208][105]LogModuleManager: Shutting down and abandoning module OnlineSubsystem (38)
[2017.05.22-22.21.05:208][105]LogOnline:Display: Unloading online subsystem: NULL
[2017.05.22-22.21.05:208][105]LogModuleManager: Shutting down and abandoning module XMPP (37)
[2017.05.22-22.21.05:208][105]LogModuleManager: Shutting down and abandoning module HTTP (35)
[2017.05.22-22.21.05:208][105]LogHttp:Display: Http module shutting down, but needs to wait on 1 outstanding Http requests:
[2017.05.22-22.21.05:208][105]LogHttp:Display: 	verb=[POST] url=[https://datarouter.ol.epicgames.com/datarouter/api/v1/public/data?SessionID=%7B8E2EE4B0-4E66-3F41-9F4D-02882B18C8AF%7D&AppID=UEEditor.Rocket.Release&AppVersion=4.15.1-3348071%2B%2B%2BUE4%2BRelease-4.15&UserID=0e0b40be4832d566046b38bf7d9fcaa5%7C997e19dae8844158ad419fa6f092327c%7C56c227b0-c6e7-450a-b49b-9a869638e1ce&AppEnvironment=datacollector-binary&UploadType=eteventstream] status=Processing
[2017.05.22-22.21.05:230][105]LogModuleManager: Shutting down and abandoning module SSL (34)
[2017.05.22-22.21.05:231][105]LogModuleManager: Shutting down and abandoning module AudioEditor (30)
[2017.05.22-22.21.05:231][105]LogModuleManager: Shutting down and abandoning module TextureCompressor (28)
[2017.05.22-22.21.05:231][105]LogModuleManager: Shutting down and abandoning module ShaderCore (26)
[2017.05.22-22.21.05:231][105]LogModuleManager: Shutting down and abandoning module Landscape (24)
[2017.05.22-22.21.05:231][105]LogModuleManager: Shutting down and abandoning module SlateRHIRenderer (22)
[2017.05.22-22.21.05:233][105]LogModuleManager: Shutting down and abandoning module OpenGLDrv (20)
[2017.05.22-22.21.05:233][105]LogModuleManager: Shutting down and abandoning module D3D11RHI (18)
[2017.05.22-22.21.05:233][105]LogModuleManager: Shutting down and abandoning module AnimGraphRuntime (16)
[2017.05.22-22.21.05:233][105]LogModuleManager: Shutting down and abandoning module Renderer (14)
[2017.05.22-22.21.05:233][105]LogModuleManager: Shutting down and abandoning module Engine (12)
[2017.05.22-22.21.05:233][105]LogModuleManager: Shutting down and abandoning module CoreUObject (10)
[2017.05.22-22.21.05:233][105]LogModuleManager: Shutting down and abandoning module NetworkFile (8)
[2017.05.22-22.21.05:233][105]LogModuleManager: Shutting down and abandoning module StreamingFile (6)
[2017.05.22-22.21.05:233][105]LogModuleManager: Shutting down and abandoning module SandboxFile (4)
[2017.05.22-22.21.05:233][105]LogModuleManager: Shutting down and abandoning module PakFile (2)
[2017.05.22-22.21.05:235][105]LogExit: Exiting.
[2017.05.22-22.21.05:250][105]Log file closed, 05/22/17 15:21:05
