Log file open, 05/24/17 14:26:53
LogInit:Display: Running engine for game: Dino
LogPlatformFile: Not using cached read wrapper
LogInit:Display: RandInit(1578244216) SRandInit(1578244216).
LogTaskGraph: Started task graph with 5 named threads and 8 total threads with 1 sets of task threads.
LogStats: Stats thread started at 0.072041
LogInit: Using libcurl 7.47.1
LogInit:  - built for x86_64-pc-win32
LogInit:  - supports SSL with OpenSSL/1.0.2g
LogInit:  - supports HTTP deflate (compression) using libz 1.2.8
LogInit:  - other features:
LogInit:      CURL_VERSION_SSL
LogInit:      CURL_VERSION_LIBZ
LogInit:      CURL_VERSION_IPV6
LogInit:      CURL_VERSION_ASYNCHDNS
LogInit:      CURL_VERSION_LARGEFILE
LogInit:      CURL_VERSION_IDN
LogInit:  CurlRequestOptions (configurable via config and command line):
LogInit:  - bVerifyPeer = false  - Libcurl will NOT verify peer certificate
LogInit:  - bUseHttpProxy = false  - Libcurl will NOT use HTTP proxy
LogInit:  - bDontReuseConnections = false  - Libcurl will reuse connections
LogInit:  - CertBundlePath = nullptr  - Libcurl will use whatever was configured at build time.
LogInit: Build: ++UE4+Release-4.15-CL-3348071
LogInit: Engine Version: 4.15.1-3348071+++UE4+Release-4.15
LogInit: Compatible Engine Version: 4.15.0-3299760+++UE4+Release-4.15
LogInit: Net CL: 3299760
LogDevObjectVersion: Number of dev versions registered: 14
LogDevObjectVersion:   Dev-Blueprints (B0D832E4-1F89-4F0D-ACCF-7EB736FD4AA2): 8
LogDevObjectVersion:   Dev-Build (E1C64328-A22C-4D53-A36C-8E866417BD8C): 0
LogDevObjectVersion:   Dev-Core (375EC13C-06E4-48FB-B500-84F0262A717E): 2
LogDevObjectVersion:   Dev-Editor (E4B068ED-F494-42E9-A231-DA0B2E46BB41): 14
LogDevObjectVersion:   Dev-Framework (CFFC743F-43B0-4480-9391-14DF171D2073): 22
LogDevObjectVersion:   Dev-Mobile (B02B49B5-BB20-44E9-A304-32B752E40360): 0
LogDevObjectVersion:   Dev-Networking (A4E4105C-59A1-49B5-A7C5-40C4547EDFEE): 0
LogDevObjectVersion:   Dev-Online (39C831C9-5AE6-47DC-9A44-9C173E1C8E7C): 0
LogDevObjectVersion:   Dev-Physics (78F01B33-EBEA-4F98-B9B4-84EACCB95AA2): 0
LogDevObjectVersion:   Dev-Platform (6631380F-2D4D-43E0-8009-CF276956A95A): 0
LogDevObjectVersion:   Dev-Rendering (12F88B9F-8875-4AFC-A67C-D90C383ABD29): 12
LogDevObjectVersion:   Dev-Sequencer (7B5AE74C-D270-4C10-A958-57980B212A5A): 3
LogDevObjectVersion:   Dev-VR (D7296918-1DD6-4BDD-9DE2-64A83CC13884): 0
LogDevObjectVersion:   Dev-LoadTimes (C2A15278-BFE7-4AFE-6C17-90FF531DF755): 1
LogInit: Compiled (64-bit): Mar 15 2017 16:52:47
LogInit: Compiled with Visual C++: 19.00.23026.00
LogInit: Build Configuration: Development
LogInit: Branch Name: ++UE4+Release-4.15
LogInit: Command line: -EpicPortal 
LogInit: Base directory: C:/Program Files/Epic Games/UE_4.15/Engine/Binaries/Win64/
LogInit: Installed Engine Build: 1
LogInit: Presizing for max 8388607 objects, including 0 objects not considered by GC, pre-allocating 0 bytes for permanent pool.
LogInit: Object subsystem initialized
[2017.05.24-21.26.53:975][  0]LogInit: Selected Device Profile: [Windows]
[2017.05.24-21.26.53:975][  0]LogInit: Applying CVar settings loaded from the selected device profile: [Windows]
[2017.05.24-21.26.53:986][  0]LogInit: Computer: DAO
[2017.05.24-21.26.53:986][  0]LogInit: User: simps
[2017.05.24-21.26.53:986][  0]LogInit: CPU Page size=65536, Cores=4
[2017.05.24-21.26.53:986][  0]LogInit: High frequency timer resolution =2.648442 MHz
[2017.05.24-21.26.53:986][  0]LogMemory: Memory total: Physical=7.9GB (8GB approx)
[2017.05.24-21.26.53:986][  0]LogMemory: Platform Memory Stats for Windows
[2017.05.24-21.26.53:986][  0]LogMemory: Process Physical Memory: 261.43 MB used, 261.43 MB peak
[2017.05.24-21.26.53:986][  0]LogMemory: Process Virtual Memory: 262.18 MB used, 262.18 MB peak
[2017.05.24-21.26.53:986][  0]LogMemory: Physical Memory: 5746.90 MB used,  2336.04 MB free, 8082.94 MB total
[2017.05.24-21.26.53:986][  0]LogMemory: Virtual Memory: 643.84 MB used,  2336.04 MB free, 134217728.00 MB total
[2017.05.24-21.26.54:063][  0]LogTextLocalizationManager: No specific translations for ('en-US') exist, so ('en') translations will be used.
[2017.05.24-21.26.54:644][  0]LogD3D11RHI: D3D11 adapters:
[2017.05.24-21.26.54:675][  0]LogD3D11RHI:    0. 'NVIDIA GeForce GTX 780' (Feature Level 11_0)
[2017.05.24-21.26.54:675][  0]LogD3D11RHI:       3039/0/4041 MB DedicatedVideo/DedicatedSystem/SharedSystem, Outputs:2, VendorId:0x10de
[2017.05.24-21.26.54:681][  0]LogD3D11RHI:    1. 'Intel(R) HD Graphics 530' (Feature Level 11_0)
[2017.05.24-21.26.54:681][  0]LogD3D11RHI:       128/0/4041 MB DedicatedVideo/DedicatedSystem/SharedSystem, Outputs:0, VendorId:0x8086
[2017.05.24-21.26.54:683][  0]LogD3D11RHI:    2. 'Microsoft Basic Render Driver' (Feature Level 11_0)
[2017.05.24-21.26.54:683][  0]LogD3D11RHI:       0/0/4041 MB DedicatedVideo/DedicatedSystem/SharedSystem, Outputs:0, VendorId:0x1414
[2017.05.24-21.26.54:683][  0]LogD3D11RHI: Chosen D3D11 Adapter: 0
[2017.05.24-21.26.54:691][  0]LogD3D11RHI: Creating new Direct3DDevice
[2017.05.24-21.26.54:691][  0]LogD3D11RHI:     GPU DeviceId: 0x1004 (for the marketing name, search the web for "GPU Device Id")
[2017.05.24-21.26.54:691][  0]LogWindows: EnumDisplayDevices:
[2017.05.24-21.26.54:691][  0]LogWindows:    0. 'NVIDIA GeForce GTX 780' (P:1 D:1)
[2017.05.24-21.26.54:691][  0]LogWindows:    1. 'NVIDIA GeForce GTX 780' (P:0 D:1)
[2017.05.24-21.26.54:691][  0]LogWindows:    2. 'NVIDIA GeForce GTX 780' (P:0 D:0)
[2017.05.24-21.26.54:692][  0]LogWindows:    3. 'NVIDIA GeForce GTX 780' (P:0 D:0)
[2017.05.24-21.26.54:692][  0]LogWindows:    4. 'Intel(R) HD Graphics 530' (P:0 D:0)
[2017.05.24-21.26.54:692][  0]LogWindows:    5. 'Intel(R) HD Graphics 530' (P:0 D:0)
[2017.05.24-21.26.54:692][  0]LogWindows: DebugString: PrimaryIsNotTheChoosenAdapter PrimaryIsNotTheChoosenAdapter FoundDriverCount:4 
[2017.05.24-21.26.54:692][  0]LogD3D11RHI:     Adapter Name: NVIDIA GeForce GTX 780
[2017.05.24-21.26.54:692][  0]LogD3D11RHI:   Driver Version: 382.33 (internal:22.21.13.8233, unified:382.33)
[2017.05.24-21.26.54:692][  0]LogD3D11RHI:      Driver Date: 5-17-2017
[2017.05.24-21.26.54:692][  0]LogRHI: Texture pool is 1361 MB (70% of 1945 MB)
[2017.05.24-21.26.54:712][  0]LogD3D11RHI:Warning: Timestamp queries are currently disabled on this hardware due to instability. Realtime GPU stats will not be available. You can override this behaviour by setting r.NVIDIATimestampWorkaround to 0
[2017.05.24-21.26.54:713][  0]LogD3D11RHI: Async texture creation enabled
[2017.05.24-21.26.54:731][  0]LogD3D11RHI: GPU Timing Frequency: 1000.000000 (Debug: 2 2)
[2017.05.24-21.26.54:778][  0]LogShaderCompilers: Guid format shader working directory is -18 characters bigger than the processId version (../../../../../../Users/simps/Google Drive/CSC 371 (Shared)/Dino/Intermediate/Shaders/WorkingDirectory/2656/).
[2017.05.24-21.26.54:779][  0]LogShaderCompilers: Cleaned the shader compiler working directory 'C:/Users/simps/AppData/Local/Temp/UnrealShaderWorkingDir/B5F462424E83C43C94BB779B85A5A58A/'.
[2017.05.24-21.26.54:779][  0]LogShaderCompilers:Display: Using Local Shader Compiler.
[2017.05.24-21.26.55:747][  0]LogTemp:Display: Loaded TP AllDesktopTargetPlatform
[2017.05.24-21.26.55:797][  0]LogTemp:Display: Loaded TP MacClientTargetPlatform
[2017.05.24-21.26.55:848][  0]LogTemp:Display: Loaded TP MacNoEditorTargetPlatform
[2017.05.24-21.26.55:897][  0]LogTemp:Display: Loaded TP MacServerTargetPlatform
[2017.05.24-21.26.55:952][  0]LogTemp:Display: Loaded TP MacTargetPlatform
[2017.05.24-21.26.56:002][  0]LogTemp:Display: Loaded TP WindowsClientTargetPlatform
[2017.05.24-21.26.56:053][  0]LogTemp:Display: Loaded TP WindowsNoEditorTargetPlatform
[2017.05.24-21.26.56:103][  0]LogTemp:Display: Loaded TP WindowsServerTargetPlatform
[2017.05.24-21.26.56:143][  0]LogTemp:Display: Loaded TP WindowsTargetPlatform
[2017.05.24-21.26.56:192][  0]LogTemp:Display: Loaded TP AndroidTargetPlatform
[2017.05.24-21.26.56:241][  0]LogTemp:Display: Loaded TP Android_ASTCTargetPlatform
[2017.05.24-21.26.56:289][  0]LogTemp:Display: Loaded TP Android_ATCTargetPlatform
[2017.05.24-21.26.56:338][  0]LogTemp:Display: Loaded TP Android_DXTTargetPlatform
[2017.05.24-21.26.56:386][  0]LogTemp:Display: Loaded TP Android_ETC1TargetPlatform
[2017.05.24-21.26.56:435][  0]LogTemp:Display: Loaded TP Android_ETC2TargetPlatform
[2017.05.24-21.26.56:532][  0]LogTemp:Display: Loaded TP Android_MultiTargetPlatform
[2017.05.24-21.26.56:532][  0]LogTemp:Display: Loaded TP Android_PVRTCTargetPlatform
[2017.05.24-21.26.56:565][  0]LogTemp:Display: Loaded TP HTML5TargetPlatform
[2017.05.24-21.26.56:656][  0]LogTemp:Display: Loaded TP IOSTargetPlatform
[2017.05.24-21.26.56:690][  0]LogTemp:Display: Loaded TP TVOSTargetPlatform
[2017.05.24-21.26.56:740][  0]LogTemp:Display: Loaded TP LinuxClientTargetPlatform
[2017.05.24-21.26.56:791][  0]LogTemp:Display: Loaded TP LinuxNoEditorTargetPlatform
[2017.05.24-21.26.56:843][  0]LogTemp:Display: Loaded TP LinuxServerTargetPlatform
[2017.05.24-21.26.56:892][  0]LogTemp:Display: Loaded TP LinuxTargetPlatform
[2017.05.24-21.26.56:892][  0]LogTargetPlatformManager:Display: Building Assets For Windows
[2017.05.24-21.26.57:288][  0]LogDerivedDataCache:Display: Max Cache Size: 512 MB
[2017.05.24-21.26.57:341][  0]LogDerivedDataCache: Loaded boot cache 0.05s 50MB C:/Users/simps/AppData/Local/UnrealEngine/4.15/DerivedDataCache/Boot.ddc.
[2017.05.24-21.26.57:341][  0]LogDerivedDataCache:Display: Loaded Boot cache: C:/Users/simps/AppData/Local/UnrealEngine/4.15/DerivedDataCache/Boot.ddc
[2017.05.24-21.26.57:341][  0]LogDerivedDataCache: FDerivedDataBackendGraph:  Pak pak cache file ../../../../../../Users/simps/Google Drive/CSC 371 (Shared)/Dino/DerivedDataCache/DDC.ddp not found, will not use a pak cache.
[2017.05.24-21.26.57:341][  0]LogDerivedDataCache: Unable to find inner node Pak for hierarchical cache Hierarchy.
[2017.05.24-21.26.57:341][  0]LogDerivedDataCache: FDerivedDataBackendGraph:  CompressedPak pak cache file ../../../../../../Users/simps/Google Drive/CSC 371 (Shared)/Dino/DerivedDataCache/Compressed.ddp not found, will not use a pak cache.
[2017.05.24-21.26.57:341][  0]LogDerivedDataCache: Unable to find inner node CompressedPak for hierarchical cache Hierarchy.
[2017.05.24-21.26.57:358][  0]LogDerivedDataCache:Display: Pak cache opened for reading ../../../Engine/DerivedDataCache/Compressed.ddp.
[2017.05.24-21.26.57:370][  0]LogDerivedDataCache: Using Local data cache path C:/Users/simps/AppData/Local/UnrealEngine/Common/DerivedDataCache: Writable
[2017.05.24-21.26.57:378][  0]LogSlate: Using Freetype 2.6.0
[2017.05.24-21.26.57:379][  0]LogSlate: SlateFontCache - WITH_FREETYPE: 1, WITH_HARFBUZZ: 1
[2017.05.24-21.26.57:379][  0]LogSlate: SlateFontCache - WITH_FREETYPE: 1, WITH_HARFBUZZ: 1
[2017.05.24-21.26.57:609][  0]LogInit: Selected Device Profile: [Windows]
[2017.05.24-21.26.57:611][  0]LogContentStreaming: Texture pool size is 0.00 MB
[2017.05.24-21.26.57:800][  0]LogMeshUtilities: Using QuadricMeshReduction for automatic static mesh reduction
[2017.05.24-21.26.57:838][  0]LogSimplygon: Simplygon DLL not present - disabling.
[2017.05.24-21.26.57:877][  0]LogMeshUtilities: Using SimplygonSwarm for distributed automatic mesh merging
[2017.05.24-21.26.57:877][  0]LogMeshUtilities: No automatic skeletal mesh reduction module available
[2017.05.24-21.26.57:877][  0]LogMeshUtilities: No automatic mesh merging module available
[2017.05.24-21.26.58:412][  0]LogNetVersion: GetLocalNetworkVersion: CL: 3299760, ProjectName: dino, ProjectVersion: , EngineNetworkVersion: 2, GameNetworkVersion: 0, NetworkChecksum: 2551943632
[2017.05.24-21.26.58:459][  0]LogAssetRegistry: FAssetRegistry took 0.0219 seconds to start up
[2017.05.24-21.26.58:500][  0]LogPackageLocalizationCache: Processed 3 localized package path(s) for 2 prioritized culture(s) in 0.022557 seconds
[2017.05.24-21.26.58:505][  0]LogUObjectArray: 32493 objects as part of root set at end of initial load.
[2017.05.24-21.26.58:505][  0]LogUObjectAllocator: 7077032 out of 0 bytes used by permanent object pool.
[2017.05.24-21.26.58:505][  0]LogUObjectArray: CloseDisregardForGC: 0/0 objects in disregard for GC pool
[2017.05.24-21.26.58:561][  0]LogInit: WinSock: version 1.1 (2.2), MaxSocks=32767, MaxUdp=65467
[2017.05.24-21.26.59:982][  0]LogTcpMessaging: Initializing TcpMessaging bridge
[2017.05.24-21.27.00:018][  0]LogUdpMessaging: Initializing bridge on interface 0.0.0.0:0 to multicast group 230.0.0.1:6666.
[2017.05.24-21.27.00:415][  0]LogMaterial: Uniform references updated for custom material expression Custom.
[2017.05.24-21.27.00:741][  0]SourceControl: Info Source control is disabled
[2017.05.24-21.27.00:769][  0]SourceControl: Info Source control is disabled
[2017.05.24-21.27.00:814][  0]SourceControl: Info Source control is disabled
[2017.05.24-21.27.00:852][  0]SourceControl: Info Source control is disabled
[2017.05.24-21.27.01:926][  0]LogEngine: Initializing Engine...
[2017.05.24-21.27.01:927][  0]LogHMD: Failed to initialize OpenVR with code 110
[2017.05.24-21.27.02:144][  0]LogAIModule: Creating AISystem for world Untitled
[2017.05.24-21.27.02:153][  0]LogInit: XAudio2 using 'Speakers (Realtek High Definition Audio)' : 2 channels at 48 kHz using 32 bits per sample (channel mask 0x3)
[2017.05.24-21.27.02:180][  0]LogInit: FAudioDevice initialized.
[2017.05.24-21.27.02:208][  0]LogDerivedDataCache: Saved boot cache 0.03s 50MB C:/Users/simps/AppData/Local/UnrealEngine/4.15/DerivedDataCache/Boot.ddc.
[2017.05.24-21.27.02:214][  0]LogInit: Texture streaming: Enabled
[2017.05.24-21.27.02:299][  0]LogEngineSessionManager: EngineSessionManager initialized
[2017.05.24-21.27.02:384][  0]LogInit: Transaction tracking system initialized
[2017.05.24-21.27.02:682][  0]BlueprintLog: New page: Editor Load
[2017.05.24-21.27.03:448][  0]LocalizationService: Info Localization service is disabled
[2017.05.24-21.27.04:027][  0]LogConsoleResponse:Display: 
[2017.05.24-21.27.04:141][  0]LogCook:Display: Max memory allowance for cook 16384mb min free memory 0mb
[2017.05.24-21.27.04:141][  0]LogCook:Display: Mobile HDR setting 1
[2017.05.24-21.27.04:631][  0]LogFileCache: Scanning file cache for directory 'C:/Users/simps/Google Drive/CSC 371 (Shared)/Dino/Content/' took 0.01s
[2017.05.24-21.27.05:021][  0]SourceControl: Info Source control is disabled
[2017.05.24-21.27.05:021][  0]Cmd: MAP LOAD FILE="../../../../../../Users/simps/Google Drive/CSC 371 (Shared)/Dino/Content/TopDownBP/Maps/TopDownExampleMap.umap" TEMPLATE=0 SHOWPROGRESS=1 FEATURELEVEL=3
[2017.05.24-21.27.05:021][  0]LogEditorServer:Warning: Can't find file '../../../../../../Users/simps/Google Drive/CSC 371 (Shared)/Dino/Content/TopDownBP/Maps/TopDownExampleMap.umap'
[2017.05.24-21.27.05:021][  0]Cmd: MAP CHECKDEP NOCLEARLOG
[2017.05.24-21.27.05:054][  0]MapCheck: Info Map check complete: 0 Error(s), 0 Warning(s), took 32.444ms to complete.
[2017.05.24-21.27.05:054][  0]LogFileHelpers: Loading map 'TopDownExampleMap' took 0.033
[2017.05.24-21.27.05:245][  0]LogCollectionManager: Loaded 0 collections in 0.001338 seconds
[2017.05.24-21.27.05:319][  0]LogFileCache: Scanning file cache for directory 'C:/Users/simps/Google Drive/CSC 371 (Shared)/Dino/Saved/Collections/' took 0.01s
[2017.05.24-21.27.05:319][  0]LogFileCache: Scanning file cache for directory 'C:/Users/simps/Google Drive/CSC 371 (Shared)/Dino/Content/Developers/simps/Collections/' took 0.01s
[2017.05.24-21.27.05:319][  0]LogFileCache: Scanning file cache for directory 'C:/Users/simps/Google Drive/CSC 371 (Shared)/Dino/Content/Collections/' took 0.01s
[2017.05.24-21.27.05:319][  0]LogCollectionManager: Rebuilt the GUID cache for 0 collections in 0.000002 seconds
[2017.05.24-21.27.05:328][  0]LogContentBrowser: Native class hierarchy populated in 0.0082 seconds. Added 2245 classes and 453 folders.
[2017.05.24-21.27.05:331][  0]LogStats: UGameplayTagsManager::ConstructGameplayTagTree: Construct from data asset -  0.000 s
[2017.05.24-21.27.05:331][  0]LogStats: UGameplayTagsManager::ConstructGameplayTagTree: GameplayTagTreeChangedEvent.Broadcast -  0.000 s
[2017.05.24-21.27.05:384][  0]LogContentBrowser: Native class hierarchy updated for 'WidgetCarousel' in 0.0005 seconds. Added 0 classes and 0 folders.
[2017.05.24-21.27.05:415][  0]LogContentBrowser: Native class hierarchy updated for 'AddContentDialog' in 0.0004 seconds. Added 0 classes and 0 folders.
[2017.05.24-21.27.05:452][  0]LogContentBrowser: Native class hierarchy updated for 'SceneOutliner' in 0.0004 seconds. Added 1 classes and 2 folders.
[2017.05.24-21.27.05:540][  0]LogCrashTracker: Crashtracker disabled due to settings.
[2017.05.24-21.27.05:545][  0]LogUObjectGlobals:Warning: Failed to find object 'Class None.'
[2017.05.24-21.27.05:604][  0]LogContentBrowser: Native class hierarchy updated for 'HierarchicalLODOutliner' in 0.0005 seconds. Added 1 classes and 2 folders.
[2017.05.24-21.27.05:604][  0]LogLoad: (Engine Initialization) Total time: 13.33 seconds
[2017.05.24-21.27.05:604][  0]LogLoad: (Engine Initialization) Total Blueprint compile time: 0.04 seconds
[2017.05.24-21.27.05:604][  0]LogExternalProfiler: No external profilers were discovered.  External profiling features will not be available.
[2017.05.24-21.27.05:613][  0]LogWindowsTextInputMethodSystem:Display: IME system now deactivated.
[2017.05.24-21.27.05:614][  0]LogOcInput: OculusInput pre-init called
[2017.05.24-21.27.05:634][  0]LogContentStreaming: Texture pool size now 1000 MB
[2017.05.24-21.27.05:635][  0]LogSlate: Took 0.000214 seconds to synchronously load lazily loaded font '../../../Engine/Content/Slate/Fonts/Roboto-Regular.ttf' (155K)
[2017.05.24-21.27.05:638][  0]LogSlate: Took 0.000300 seconds to synchronously load lazily loaded font '../../../Engine/Content/Slate/Fonts/Roboto-Bold.ttf' (160K)
[2017.05.24-21.27.05:643][  0]LogSlate: Took 0.000194 seconds to synchronously load lazily loaded font '../../../Engine/Content/Editor/Slate/Fonts/FontAwesome.ttf' (139K)
[2017.05.24-21.27.05:746][  0]LogSlate: Took 0.000121 seconds to synchronously load lazily loaded font '../../../Engine/Content/Slate/Fonts/Roboto-Light.ttf' (159K)
[2017.05.24-21.27.05:791][  0]LogRenderer: Reallocating scene render targets to support 1208x664 NumSamples 1 (Frame:2).
[2017.05.24-21.27.05:849][  1]LogAssetRegistry: Asset discovery search completed in 7.4122 seconds
[2017.05.24-21.27.05:849][  1]LogCollectionManager: Rebuilt the object cache for 0 collections in 0.000003 seconds (found 0 objects)
[2017.05.24-21.27.05:849][  1]LogCollectionManager: Fixed up redirectors for 0 collections in 0.000016 seconds (updated 0 objects)
[2017.05.24-21.27.26:955][278]LogSlate: Took 0.000130 seconds to synchronously load lazily loaded font '../../../Engine/Content/Slate/Fonts/Roboto-Light.ttf' (159K)
[2017.05.24-21.27.27:078][278]Cmd: OBJ SAVEPACKAGE PACKAGE="/Game/Maps/TopDownMap" FILE="../../../../../../Users/simps/Google Drive/CSC 371 (Shared)/Dino/Content/Maps/TopDownMap.umap" SILENT=true AUTOSAVING=false KEEPDIRTY=false
[2017.05.24-21.27.27:102][278]LogSavePackage: Save=10.62ms
[2017.05.24-21.27.27:102][278]LogSavePackage: Moving '../../../../../../Users/simps/Google Drive/CSC 371 (Shared)/Dino/Saved/TopDownMap98DEED234BFFCA5E58C19C88E0AB92B4.tmp' to '../../../../../../Users/simps/Google Drive/CSC 371 (Shared)/Dino/Content/Maps/TopDownMap.umap'
[2017.05.24-21.27.27:103][278]LogSavePackage:Display: Finished SavePackage ../../../../../../Users/simps/Google Drive/CSC 371 (Shared)/Dino/Content/Maps/TopDownMap.umap
[2017.05.24-21.27.27:134][278]LogFileHelpers: Saving map 'TopDownMap' took 0.221
[2017.05.24-21.27.27:136][278]Cmd: MAP LOAD FILE="../../../../../../Users/simps/Google Drive/CSC 371 (Shared)/Dino/Content/Maps/TopDownMap.umap" TEMPLATE=0 SHOWPROGRESS=1 FEATURELEVEL=3
[2017.05.24-21.27.27:148][278]LightingResults: New page: Lighting Build
[2017.05.24-21.27.27:186][278]LogContentBrowser: Native class hierarchy updated for 'StatsViewer' in 0.0004 seconds. Added 5 classes and 0 folders.
[2017.05.24-21.27.27:188][278]LoadErrors: New page: Loading map: TopDownMap.umap
[2017.05.24-21.27.27:188][278]MapCheck: New page: Map Check
[2017.05.24-21.27.27:188][278]LightingResults: New page: Lighting Build
[2017.05.24-21.27.27:204][278]LogAIModule: Creating AISystem for world TopDownMap
[2017.05.24-21.27.27:253][278]LogEditorServer: Finished looking for orphan Actors (0.000 secs)
[2017.05.24-21.27.27:279][278]Cmd: MAP CHECKDEP NOCLEARLOG
[2017.05.24-21.27.27:318][278]MapCheck: Info Map check complete: 0 Error(s), 0 Warning(s), took 38.516ms to complete.
[2017.05.24-21.27.27:318][278]LogFileHelpers: Loading map 'TopDownMap' took 0.183
[2017.05.24-21.27.30:510][652]Cmd: OBJ SAVEPACKAGE PACKAGE="/Game/Maps/TopDownMap" FILE="../../../../../../Users/simps/Google Drive/CSC 371 (Shared)/Dino/Content/Maps/TopDownMap.umap" SILENT=true AUTOSAVING=false KEEPDIRTY=false
[2017.05.24-21.27.30:533][652]LogSavePackage: Save=9.50ms
[2017.05.24-21.27.30:533][652]LogSavePackage: Moving '../../../../../../Users/simps/Google Drive/CSC 371 (Shared)/Dino/Saved/TopDownMap6687A4894DA2F6F2BFB4D5AA5437F15B.tmp' to '../../../../../../Users/simps/Google Drive/CSC 371 (Shared)/Dino/Content/Maps/TopDownMap.umap'
[2017.05.24-21.27.30:533][652]LogSavePackage:Display: Finished SavePackage ../../../../../../Users/simps/Google Drive/CSC 371 (Shared)/Dino/Content/Maps/TopDownMap.umap
[2017.05.24-21.27.36:798][392]Cmd: MAP LOAD FILE="../../../../../../Users/simps/Google Drive/CSC 371 (Shared)/Dino/Content/Maps/TopDownMap.umap" TEMPLATE=0 SHOWPROGRESS=1 FEATURELEVEL=3
[2017.05.24-21.27.36:798][392]LightingResults: New page: Lighting Build
[2017.05.24-21.27.36:800][392]LoadErrors: New page: Loading map: TopDownMap.umap
[2017.05.24-21.27.36:800][392]MapCheck: New page: Map Check
[2017.05.24-21.27.36:800][392]LightingResults: New page: Lighting Build
[2017.05.24-21.27.36:814][392]LogAIModule: Creating AISystem for world TopDownMap
[2017.05.24-21.27.36:855][392]LogEditorServer: Finished looking for orphan Actors (0.000 secs)
[2017.05.24-21.27.36:877][392]Cmd: MAP CHECKDEP NOCLEARLOG
[2017.05.24-21.27.36:911][392]MapCheck: Info Map check complete: 0 Error(s), 0 Warning(s), took 33.717ms to complete.
[2017.05.24-21.27.36:911][392]LogFileHelpers: Loading map 'TopDownMap' took 0.114
[2017.05.24-21.27.38:823][612]LogEditorViewport: Clicking Background
[2017.05.24-21.27.50:065][930]Cmd: TRANSACTION UNDO
[2017.05.24-21.27.50:065][930]LogEditorTransaction: Undo Create Actors
[2017.05.24-21.27.50:096][930]LogSlate: Took 0.000201 seconds to synchronously load lazily loaded font '../../../Engine/Content/Slate/Fonts/Roboto-Light.ttf' (159K)
[2017.05.24-21.27.53:489][318]MapCheck: New page: Map Check
[2017.05.24-21.27.53:503][318]Cmd: MAP REBUILD ALLVISIBLE
[2017.05.24-21.27.53:503][318]LogEditorServer: Rebuildmap Clear paths rebuilt
[2017.05.24-21.27.53:604][318]LogMaterial: Missing cached shader map for material FDebugViewModeMaterialProxy WorldGridMaterial, compiling. Is special engine material.
[2017.05.24-21.27.53:605][318]LogTemp:Display: Added material ShaderMap 0x0000016F266E2E80 with Material 0x0000016F266EB400 to ShaderMapsBeingCompiled
[2017.05.24-21.27.53:608][318]LogTemp:Display: Kicking off shader compilation for FDebugViewModeMaterialProxy WorldGridMaterial, GameThreadShaderMap 0x0000016F266E2E80
[2017.05.24-21.27.53:968][318]LogTemp:Display: Finished compile of shader map 0x0000016F266E2E80
[2017.05.24-21.27.53:968][318]LogTemp:Display: Shader map FDebugViewModeMaterialProxy WorldGridMaterial complete, GameThreadShaderMap 0x0000016F266E2E80, marking material FDebugViewModeMaterialProxy WorldGridMaterial as finished
[2017.05.24-21.27.53:968][318]LogTemp:Display: Marking material as finished 0x0000016F266EB400
[2017.05.24-21.27.53:970][318]TextureStreamingBuild:Display: Compiling optional shaders took 0.372 seconds.
[2017.05.24-21.27.53:971][318]LogLevel:Display: Export Material TexCoord Scales took 0.001 seconds.
[2017.05.24-21.27.53:974][318]TextureStreamingBuild:Display: Build Texture Streaming took 0.002 seconds.
[2017.05.24-21.27.53:983][318]LightingResults: New page: Lighting Build - May 24, 2017, 7:27:53 AM
[2017.05.24-21.27.54:008][318]LogSwarmInterface: [OpenConnection] Registering TCP channel ...
[2017.05.24-21.27.54:079][318]LogSwarmInterface: [OpenConnection] Connecting to agent ...
[2017.05.24-21.27.54:088][318]LogSwarmInterface: [TryOpenConnection] Testing the Agent
[2017.05.24-21.27.54:600][318]LogSwarmInterface: [TryOpenConnection] Opening Connection to Agent
[2017.05.24-21.27.54:600][318]LogSwarmInterface: [TryOpenConnection] Local Process ID is 2656
[2017.05.24-21.27.56:772][318]LogStaticLightingSystem:Warning: No importance volume found, so the scene bounding box was used.  You can optimize your scene's quality and lighting build times by adding importance volumes.
[2017.05.24-21.27.56:772][318]LogStaticLightingSystem: Running Lightmass w/ ImmediateImport mode ENABLED
[2017.05.24-21.27.56:772][318]LogStaticLightingSystem: Running Lightmass w/ ImmediateProcess mode ENABLED
[2017.05.24-21.27.56:772][318]LogStaticLightingSystem: Running Lightmass w/ Sorting mode ENABLED
[2017.05.24-21.27.56:772][318]LogStaticLightingSystem: Running Lightmass w/ Mapping paddings ENABLED
[2017.05.24-21.27.56:772][318]LogStaticLightingSystem: Running Lightmass w/ Mapping debug paddings DISABLED
[2017.05.24-21.27.56:875][318]Cmd: MAP CHECK DONTDISPLAYDIALOG
[2017.05.24-21.27.56:875][318]MapCheck: New page: TopDownMap - May 24, 2017, 7:27:56 AM
[2017.05.24-21.27.56:910][318]MapCheck: Info Map check complete: 0 Error(s), 0 Warning(s), took 35.007ms to complete.
[2017.05.24-21.27.56:932][318]LogEditorBuildUtils: Build time 0:03
[2017.05.24-21.27.57:816][357]Job is a success!
[2017.05.24-21.27.57:906][359]Lightmass on DAO: 423 ms total, 102 ms importing, 17 ms setup, 110 ms photons, 166 ms processing, 0 ms extra exporting [0/0 mappings]. Threads: 635 ms total, 0 ms processing.
[2017.05.24-21.27.57:923][359]LogStaticLightingSystem: Illumination: 3.92 sec (0 ms encoding lightmaps, 0 ms encoding shadowmaps)
[2017.05.24-21.27.57:923][359]LogStaticLightingSystem: Lightmap texture memory:  0.0 MB (0.0 MB streaming, 0.0 MB non-streaming), 0 textures
[2017.05.24-21.27.57:923][359]LogStaticLightingSystem: Shadowmap texture memory: 0.0 MB (0.0 MB streaming, 0.0 MB non-streaming), 0 textures
[2017.05.24-21.27.58:773][359]DumpUnbuiltLightIteractions
[2017.05.24-21.27.58:773][359]Lights with unbuilt interactions: 0
[2017.05.24-21.27.58:773][359]
[2017.05.24-21.27.58:773][359]Primitives with unbuilt interactions: 0
[2017.05.24-21.27.58:782][360]Cmd: MAP CHECK NOTIFYRESULTS
[2017.05.24-21.27.58:782][360]MapCheck: New page: TopDownMap - May 24, 2017, 7:27:58 AM
[2017.05.24-21.27.58:818][360]MapCheck: Info Map check complete: 0 Error(s), 0 Warning(s), took 35.489ms to complete.
[2017.05.24-21.28.06:792][303]Cmd: DELETE
[2017.05.24-21.28.06:792][303]Cmd: ACTOR DELETE
[2017.05.24-21.28.06:793][303]LogEditorActor: Deleted Actor: DirectionalLight
[2017.05.24-21.28.06:801][303]LogEditorActor: Deleted 1 Actors (0.008 secs)
[2017.05.24-21.28.24:266][772]Cmd: QUIT_EDITOR
[2017.05.24-21.28.24:298][772]LogWindowsTextInputMethodSystem:Display: IME system now deactivated.
[2017.05.24-21.28.24:320][772]LogExit: Preparing to exit.
[2017.05.24-21.28.25:142][772]LogDirectoryWatcher: A directory notification for 'C:/Users/simps/Google Drive/CSC 371 (Shared)/Dino/Content/' was aborted.
[2017.05.24-21.28.25:155][772]LogExit: Editor shut down
[2017.05.24-21.28.25:156][772]LogExit: Transaction tracking system shut down
[2017.05.24-21.28.25:209][772]LogObj: Freed 0b from 0 cluster array pools.
[2017.05.24-21.28.25:209][772]LogExit: Object subsystem successfully closed.
[2017.05.24-21.28.25:217][772]LogD3D11RHI: Shutdown
[2017.05.24-21.28.25:217][772]LogD3D11RHI: CleanupD3DDevice
[2017.05.24-21.28.25:250][772]LogD3D11RHI: ~FD3D11DynamicRHI
[2017.05.24-21.28.25:263][772]LogModuleManager: Shutting down and abandoning module HierarchicalLODUtilities (500)
[2017.05.24-21.28.25:263][772]LogModuleManager: Shutting down and abandoning module StatsViewer (498)
[2017.05.24-21.28.25:263][772]LogModuleManager: Shutting down and abandoning module HierarchicalLODOutliner (496)
[2017.05.24-21.28.25:263][772]LogModuleManager: Shutting down and abandoning module CrashTracker (494)
[2017.05.24-21.28.25:263][772]LogModuleManager: Shutting down and abandoning module SceneOutliner (492)
[2017.05.24-21.28.25:263][772]LogModuleManager: Shutting down and abandoning module AddContentDialog (490)
[2017.05.24-21.28.25:263][772]LogDirectoryWatcher: A directory notification for 'C:/Program Files/Epic Games/UE_4.15/FeaturePacks/' was aborted.
[2017.05.24-21.28.25:263][772]LogModuleManager: Shutting down and abandoning module WidgetCarousel (489)
[2017.05.24-21.28.25:263][772]LogModuleManager: Shutting down and abandoning module EditorWidgets (486)
[2017.05.24-21.28.25:263][772]LogModuleManager: Shutting down and abandoning module CollectionManager (484)
[2017.05.24-21.28.25:264][772]LogDirectoryWatcher: A directory notification for 'C:/Users/simps/Google Drive/CSC 371 (Shared)/Dino/Content/Collections/' was aborted.
[2017.05.24-21.28.25:264][772]LogDirectoryWatcher: A directory notification for 'C:/Users/simps/Google Drive/CSC 371 (Shared)/Dino/Content/Developers/simps/Collections/' was aborted.
[2017.05.24-21.28.25:264][772]LogDirectoryWatcher: A directory notification for 'C:/Users/simps/Google Drive/CSC 371 (Shared)/Dino/Saved/Collections/' was aborted.
[2017.05.24-21.28.25:264][772]LogModuleManager: Shutting down and abandoning module FoliageEdit (482)
[2017.05.24-21.28.25:264][772]LogModuleManager: Shutting down and abandoning module LandscapeEditor (480)
[2017.05.24-21.28.25:264][772]LogModuleManager: Shutting down and abandoning module SceneDepthPickerMode (478)
[2017.05.24-21.28.25:264][772]LogModuleManager: Shutting down and abandoning module ActorPickerMode (476)
[2017.05.24-21.28.25:264][772]LogModuleManager: Shutting down and abandoning module GeometryMode (474)
[2017.05.24-21.28.25:264][772]LogModuleManager: Shutting down and abandoning module TextureAlignMode (472)
[2017.05.24-21.28.25:264][772]LogModuleManager: Shutting down and abandoning module BspMode (470)
[2017.05.24-21.28.25:264][772]LogModuleManager: Shutting down and abandoning module HardwareSurvey (468)
[2017.05.24-21.28.25:264][772]LogModuleManager: Shutting down and abandoning module SequenceRecorderSections (466)
[2017.05.24-21.28.25:264][772]LogModuleManager: Shutting down and abandoning module AutomationWorker (464)
[2017.05.24-21.28.25:264][772]LogModuleManager: Shutting down and abandoning module MatineeToLevelSequence (462)
[2017.05.24-21.28.25:264][772]LogModuleManager: Shutting down and abandoning module LevelSequenceEditor (460)
[2017.05.24-21.28.25:264][772]LogModuleManager: Shutting down and abandoning module PlacementMode (459)
[2017.05.24-21.28.25:264][772]LogModuleManager: Shutting down and abandoning module WmfMediaFactory (456)
[2017.05.24-21.28.25:264][772]LogModuleManager: Shutting down and abandoning module WmfMediaEditor (454)
[2017.05.24-21.28.25:264][772]LogModuleManager: Shutting down and abandoning module MfMediaFactory (452)
[2017.05.24-21.28.25:264][772]LogModuleManager: Shutting down and abandoning module MfMediaEditor (450)
[2017.05.24-21.28.25:264][772]LogModuleManager: Shutting down and abandoning module AvfMediaFactory (448)
[2017.05.24-21.28.25:264][772]LogModuleManager: Shutting down and abandoning module AvfMediaEditor (446)
[2017.05.24-21.28.25:264][772]LogModuleManager: Shutting down and abandoning module AndroidMediaFactory (444)
[2017.05.24-21.28.25:264][772]LogModuleManager: Shutting down and abandoning module Media (443)
[2017.05.24-21.28.25:264][772]LogModuleManager: Shutting down and abandoning module AndroidMediaEditor (440)
[2017.05.24-21.28.25:264][772]LogModuleManager: Shutting down and abandoning module CharacterAI (438)
[2017.05.24-21.28.25:264][772]LogModuleManager: Shutting down and abandoning module AudioCapture (436)
[2017.05.24-21.28.25:264][772]LogModuleManager: Shutting down and abandoning module SequenceRecorder (435)
[2017.05.24-21.28.25:264][772]LogModuleManager: Shutting down and abandoning module SmartSnapping (432)
[2017.05.24-21.28.25:264][772]LogModuleManager: Shutting down and abandoning module SessionServices (430)
[2017.05.24-21.28.25:264][772]LogModuleManager: Shutting down and abandoning module ViewportSnapping (428)
[2017.05.24-21.28.25:264][772]LogModuleManager: Shutting down and abandoning module ViewportInteraction (426)
[2017.05.24-21.28.25:264][772]LogModuleManager: Shutting down and abandoning module LogVisualizer (424)
[2017.05.24-21.28.25:264][772]LogModuleManager: Shutting down and abandoning module IntroTutorials (422)
[2017.05.24-21.28.25:264][772]LogModuleManager: Shutting down and abandoning module GameProjectGeneration (421)
[2017.05.24-21.28.25:264][772]LogModuleManager: Shutting down and abandoning module EditorLiveStreaming (418)
[2017.05.24-21.28.25:264][772]LogModuleManager: Shutting down and abandoning module IOSPlatformEditor (416)
[2017.05.24-21.28.25:264][772]LogModuleManager: Shutting down and abandoning module HTML5PlatformEditor (414)
[2017.05.24-21.28.25:264][772]LogModuleManager: Shutting down and abandoning module AndroidPlatformEditor (412)
[2017.05.24-21.28.25:264][772]LogModuleManager: Shutting down and abandoning module AndroidDeviceDetection (411)
[2017.05.24-21.28.25:784][772]LogModuleManager: Shutting down and abandoning module IOSRuntimeSettings (408)
[2017.05.24-21.28.25:785][772]LogModuleManager: Shutting down and abandoning module AndroidRuntimeSettings (406)
[2017.05.24-21.28.25:785][772]LogModuleManager: Shutting down and abandoning module InputBindingEditor (404)
[2017.05.24-21.28.25:785][772]LogModuleManager: Shutting down and abandoning module NiagaraEditor (402)
[2017.05.24-21.28.25:785][772]LogModuleManager: Shutting down and abandoning module MergeActors (400)
[2017.05.24-21.28.25:785][772]LogModuleManager: Shutting down and abandoning module SizeMap (398)
[2017.05.24-21.28.25:785][772]LogModuleManager: Shutting down and abandoning module TreeMap (396)
[2017.05.24-21.28.25:785][772]LogModuleManager: Shutting down and abandoning module ReferenceViewer (394)
[2017.05.24-21.28.25:785][772]LogModuleManager: Shutting down and abandoning module LocalizationDashboard (392)
[2017.05.24-21.28.25:785][772]LogModuleManager: Shutting down and abandoning module LocalizationService (391)
[2017.05.24-21.28.25:785][772]LogModuleManager: Shutting down and abandoning module HardwareTargeting (388)
[2017.05.24-21.28.25:785][772]LogModuleManager: Shutting down and abandoning module DeviceProfileEditor (386)
[2017.05.24-21.28.25:785][772]LogModuleManager: Shutting down and abandoning module UndoHistory (384)
[2017.05.24-21.28.25:785][772]LogModuleManager: Shutting down and abandoning module UserFeedback (382)
[2017.05.24-21.28.25:785][772]LogModuleManager: Shutting down and abandoning module XmlParser (380)
[2017.05.24-21.28.25:785][772]LogModuleManager: Shutting down and abandoning module Blutility (378)
[2017.05.24-21.28.25:785][772]LogModuleManager: Shutting down and abandoning module ProjectSettingsViewer (376)
[2017.05.24-21.28.25:785][772]LogModuleManager: Shutting down and abandoning module ProjectTargetPlatformEditor (375)
[2017.05.24-21.28.25:785][772]LogModuleManager: Shutting down and abandoning module EditorSettingsViewer (372)
[2017.05.24-21.28.25:785][772]LogModuleManager: Shutting down and abandoning module SettingsEditor (370)
[2017.05.24-21.28.25:785][772]LogModuleManager: Shutting down and abandoning module ProjectLauncher (368)
[2017.05.24-21.28.25:785][772]LogModuleManager: Shutting down and abandoning module SessionFrontend (366)
[2017.05.24-21.28.25:785][772]LogModuleManager: Shutting down and abandoning module ProfilerClient (364)
[2017.05.24-21.28.25:785][772]LogModuleManager: Shutting down and abandoning module DeviceManager (362)
[2017.05.24-21.28.25:785][772]LogModuleManager: Shutting down and abandoning module TargetDeviceServices (361)
[2017.05.24-21.28.25:838][772]LogModuleManager: Shutting down and abandoning module AutomationController (358)
[2017.05.24-21.28.25:838][772]LogModuleManager: Shutting down and abandoning module AutomationWindow (356)
[2017.05.24-21.28.25:838][772]LogModuleManager: Shutting down and abandoning module Layers (354)
[2017.05.24-21.28.25:838][772]LogModuleManager: Shutting down and abandoning module ComponentVisualizers (352)
[2017.05.24-21.28.25:838][772]LogModuleManager: Shutting down and abandoning module DetailCustomizations (350)
[2017.05.24-21.28.25:838][772]LogModuleManager: Shutting down and abandoning module PackagesDialog (348)
[2017.05.24-21.28.25:838][772]LogModuleManager: Shutting down and abandoning module Persona (346)
[2017.05.24-21.28.25:838][772]LogModuleManager: Shutting down and abandoning module AnimGraph (345)
[2017.05.24-21.28.25:838][772]LogModuleManager: Shutting down and abandoning module Kismet (342)
[2017.05.24-21.28.25:838][772]LogModuleManager: Shutting down and abandoning module GraphEditor (340)
[2017.05.24-21.28.25:838][772]LogModuleManager: Shutting down and abandoning module ClassViewer (338)
[2017.05.24-21.28.25:838][772]LogModuleManager: Shutting down and abandoning module Toolbox (336)
[2017.05.24-21.28.25:838][772]LogModuleManager: Shutting down and abandoning module ModuleUI (334)
[2017.05.24-21.28.25:838][772]LogModuleManager: Shutting down and abandoning module MovieSceneTools (332)
[2017.05.24-21.28.25:838][772]LogModuleManager: Shutting down and abandoning module OutputLog (330)
[2017.05.24-21.28.25:838][772]LogModuleManager: Shutting down and abandoning module GammaUI (328)
[2017.05.24-21.28.25:838][772]LogModuleManager: Shutting down and abandoning module Documentation (326)
[2017.05.24-21.28.25:838][772]LogModuleManager: Shutting down and abandoning module Niagara (324)
[2017.05.24-21.28.25:838][772]LogModuleManager: Shutting down and abandoning module StreamingPauseRendering (322)
[2017.05.24-21.28.25:838][772]LogModuleManager: Shutting down and abandoning module AnalyticsET (320)
[2017.05.24-21.28.25:838][772]LogModuleManager: Shutting down and abandoning module PortalServices (318)
[2017.05.24-21.28.25:838][772]LogModuleManager: Shutting down and abandoning module PortalRpc (316)
[2017.05.24-21.28.25:838][772]LogModuleManager: Shutting down and abandoning module MessagingRpc (314)
[2017.05.24-21.28.25:838][772]LogModuleManager: Shutting down and abandoning module AIModule (312)
[2017.05.24-21.28.25:838][772]LogModuleManager: Shutting down and abandoning module GameplayDebugger (311)
[2017.05.24-21.28.25:838][772]LogModuleManager: Shutting down and abandoning module AITestSuite (309)
[2017.05.24-21.28.25:838][772]LogModuleManager: Shutting down and abandoning module ProfilerService (306)
[2017.05.24-21.28.25:953][772]LogModuleManager: Shutting down and abandoning module TaskGraph (304)
[2017.05.24-21.28.25:953][772]LogModuleManager: Shutting down and abandoning module SteamVRController (302)
[2017.05.24-21.28.25:953][772]LogModuleManager: Shutting down and abandoning module SteamVR (300)
[2017.05.24-21.28.25:953][772]LogModuleManager: Shutting down and abandoning module ProceduralMeshComponentEditor (298)
[2017.05.24-21.28.25:953][772]LogModuleManager: Shutting down and abandoning module ProceduralMeshComponent (296)
[2017.05.24-21.28.25:953][772]LogModuleManager: Shutting down and abandoning module OculusLibrary (294)
[2017.05.24-21.28.25:953][772]LogModuleManager: Shutting down and abandoning module OculusInput (292)
[2017.05.24-21.28.25:953][772]LogModuleManager: Shutting down and abandoning module MobilePatchingUtils (290)
[2017.05.24-21.28.25:953][772]LogModuleManager: Shutting down and abandoning module CustomMeshComponent (288)
[2017.05.24-21.28.25:953][772]LogModuleManager: Shutting down and abandoning module CableComponent (286)
[2017.05.24-21.28.25:953][772]LogModuleManager: Shutting down and abandoning module ArchVisCharacter (284)
[2017.05.24-21.28.25:953][772]LogModuleManager: Shutting down and abandoning module MediaPlayerEditor (280)
[2017.05.24-21.28.25:953][772]LogModuleManager: Shutting down and abandoning module HTML5Networking (278)
[2017.05.24-21.28.25:953][772]LogModuleManager: Shutting down and abandoning module AlembicImporter (276)
[2017.05.24-21.28.25:953][772]LogModuleManager: Shutting down and abandoning module AlembicLibrary (275)
[2017.05.24-21.28.25:953][772]LogModuleManager: Shutting down and abandoning module GeometryCache (274)
[2017.05.24-21.28.25:953][772]LogModuleManager: Shutting down and abandoning module GeometryCacheEd (273)
[2017.05.24-21.28.25:953][772]LogModuleManager: Shutting down and abandoning module SuperSearchEditor (268)
[2017.05.24-21.28.25:953][772]LogModuleManager: Shutting down and abandoning module SuperSearch (267)
[2017.05.24-21.28.25:953][772]LogModuleManager: Shutting down and abandoning module SpeedTreeImporter (264)
[2017.05.24-21.28.25:953][772]LogModuleManager: Shutting down and abandoning module PluginBrowser (262)
[2017.05.24-21.28.25:953][772]LogModuleManager: Shutting down and abandoning module MobileLauncherProfileWizard (260)
[2017.05.24-21.28.25:953][772]LogModuleManager: Shutting down and abandoning module EpicSurvey (258)
[2017.05.24-21.28.25:953][772]LogModuleManager: Shutting down and abandoning module VisualStudioSourceCodeAccess (256)
[2017.05.24-21.28.25:953][772]LogModuleManager: Shutting down and abandoning module DesktopPlatform (255)
[2017.05.24-21.28.25:953][772]LogModuleManager: Shutting down and abandoning module UObjectPlugin (252)
[2017.05.24-21.28.25:953][772]LogModuleManager: Shutting down and abandoning module SubversionSourceControl (250)
[2017.05.24-21.28.25:953][772]LogModuleManager: Shutting down and abandoning module PerforceSourceControl (248)
[2017.05.24-21.28.25:953][772]LogModuleManager: Shutting down and abandoning module GitSourceControl (246)
[2017.05.24-21.28.25:953][772]LogModuleManager: Shutting down and abandoning module SourceControl (245)
[2017.05.24-21.28.25:953][772]LogModuleManager: Shutting down and abandoning module LightPropagationVolumeEditor (242)
[2017.05.24-21.28.25:953][772]LogModuleManager: Shutting down and abandoning module PaperTiledImporter (240)
[2017.05.24-21.28.25:953][772]LogModuleManager: Shutting down and abandoning module PaperSpriteSheetImporter (238)
[2017.05.24-21.28.25:953][772]LogModuleManager: Shutting down and abandoning module Paper2DEditor (236)
[2017.05.24-21.28.25:954][772]LogModuleManager: Shutting down and abandoning module MeshPaint (235)
[2017.05.24-21.28.25:954][772]LogModuleManager: Shutting down and abandoning module LevelEditor (233)
[2017.05.24-21.28.25:954][772]LogModuleManager: Shutting down and abandoning module PixelInspectorModule (232)
[2017.05.24-21.28.25:954][772]LogModuleManager: Shutting down and abandoning module MainFrame (230)
[2017.05.24-21.28.25:954][772]LogModuleManager: Shutting down and abandoning module HotReload (229)
[2017.05.24-21.28.25:955][772]LogModuleManager: Shutting down and abandoning module ContentBrowser (225)
[2017.05.24-21.28.25:956][772]LogModuleManager: Shutting down and abandoning module PhysXVehiclesEditor (222)
[2017.05.24-21.28.25:956][772]LogModuleManager: Shutting down and abandoning module PhysXVehicles (220)
[2017.05.24-21.28.25:956][772]LogModuleManager: Shutting down and abandoning module LocationServicesBPLibrary (218)
[2017.05.24-21.28.25:956][772]LogModuleManager: Shutting down and abandoning module UdpMessaging (216)
[2017.05.24-21.28.26:058][772]LogModuleManager: Shutting down and abandoning module TcpMessaging (214)
[2017.05.24-21.28.26:158][772]LogModuleManager: Shutting down and abandoning module GameplayTagsEditor (212)
[2017.05.24-21.28.26:158][772]LogModuleManager: Shutting down and abandoning module FacialAnimationEditor (210)
[2017.05.24-21.28.26:158][772]LogModuleManager: Shutting down and abandoning module FacialAnimation (208)
[2017.05.24-21.28.26:158][772]LogModuleManager: Shutting down and abandoning module LightPropagationVolumeRuntime (206)
[2017.05.24-21.28.26:158][772]LogModuleManager: Shutting down and abandoning module Paper2D (204)
[2017.05.24-21.28.26:158][772]LogModuleManager: Shutting down and abandoning module WindowsMoviePlayer (202)
[2017.05.24-21.28.26:158][772]LogModuleManager: Shutting down and abandoning module WmfMedia (200)
[2017.05.24-21.28.26:158][772]LogModuleManager: Shutting down and abandoning module MfMedia (198)
[2017.05.24-21.28.26:158][772]LogModuleManager: Shutting down and abandoning module MediaAssets (196)
[2017.05.24-21.28.26:158][772]LogModuleManager: Shutting down and abandoning module GameLiveStreaming (194)
[2017.05.24-21.28.26:158][772]LogModuleManager: Shutting down and abandoning module VREditor (192)
[2017.05.24-21.28.26:158][772]LogModuleManager: Shutting down and abandoning module GameplayTasksEditor (190)
[2017.05.24-21.28.26:158][772]LogModuleManager: Shutting down and abandoning module BehaviorTreeEditor (188)
[2017.05.24-21.28.26:158][772]LogModuleManager: Shutting down and abandoning module FunctionalTesting (186)
[2017.05.24-21.28.26:158][772]LogModuleManager: Shutting down and abandoning module CollisionAnalyzer (184)
[2017.05.24-21.28.26:158][772]LogModuleManager: Shutting down and abandoning module UMG (182)
[2017.05.24-21.28.26:158][772]LogModuleManager: Shutting down and abandoning module UMGEditor (181)
[2017.05.24-21.28.26:158][772]LogModuleManager: Shutting down and abandoning module Sequencer (180)
[2017.05.24-21.28.26:158][772]LogModuleManager: Shutting down and abandoning module AssetTools (178)
[2017.05.24-21.28.26:158][772]LogModuleManager: Shutting down and abandoning module MessageLog (177)
[2017.05.24-21.28.26:158][772]LogModuleManager: Shutting down and abandoning module WorkspaceMenuStructure (176)
[2017.05.24-21.28.26:158][772]LogModuleManager: Shutting down and abandoning module SlateReflector (170)
[2017.05.24-21.28.26:158][772]LogModuleManager: Shutting down and abandoning module Slate (168)
[2017.05.24-21.28.26:158][772]LogModuleManager: Shutting down and abandoning module EditorStyle (166)
[2017.05.24-21.28.26:160][772]LogModuleManager: Shutting down and abandoning module SourceCodeAccess (164)
[2017.05.24-21.28.26:160][772]LogModuleManager: Shutting down and abandoning module HeadMountedDisplay (162)
[2017.05.24-21.28.26:160][772]LogModuleManager: Shutting down and abandoning module XAudio2 (160)
[2017.05.24-21.28.26:160][772]LogModuleManager: Shutting down and abandoning module Networking (158)
[2017.05.24-21.28.26:160][772]LogModuleManager: Shutting down and abandoning module Core (154)
[2017.05.24-21.28.26:160][772]LogModuleManager: Shutting down and abandoning module AssetRegistry (152)
[2017.05.24-21.28.26:288][772]LogDirectoryWatcher: A directory notification for '../../../Engine/Content/' was aborted.
[2017.05.24-21.28.26:288][772]LogDirectoryWatcher: A directory notification for '../../../../../../Users/simps/Google Drive/CSC 371 (Shared)/Dino/Content/' was aborted.
[2017.05.24-21.28.26:288][772]LogDirectoryWatcher: A directory notification for '../../../Engine/Plugins/2D/Paper2D/Content/' was aborted.
[2017.05.24-21.28.26:288][772]LogModuleManager: Shutting down and abandoning module DirectoryWatcher (151)
[2017.05.24-21.28.26:289][772]LogModuleManager: Shutting down and abandoning module KismetCompiler (148)
[2017.05.24-21.28.26:289][772]LogModuleManager: Shutting down and abandoning module PhysXFormats (146)
[2017.05.24-21.28.26:289][772]LogModuleManager: Shutting down and abandoning module MeshUtilities (144)
[2017.05.24-21.28.26:289][772]LogModuleManager: Shutting down and abandoning module SimplygonSwarm (143)
[2017.05.24-21.28.26:289][772]LogModuleManager: Shutting down and abandoning module SimplygonMeshReduction (141)
[2017.05.24-21.28.26:289][772]LogModuleManager: Shutting down and abandoning module QuadricMeshReduction (139)
[2017.05.24-21.28.26:289][772]LogModuleManager: Shutting down and abandoning module PropertyEditor (137)
[2017.05.24-21.28.26:289][772]LogModuleManager: Shutting down and abandoning module DerivedDataCache (134)
[2017.05.24-21.28.26:426][772]LogDerivedDataCache: Shutdown
[2017.05.24-21.28.26:427][772]LogModuleManager: Shutting down and abandoning module TargetPlatform (132)
[2017.05.24-21.28.26:427][772]LogModuleManager: Shutting down and abandoning module VulkanShaderFormat (131)
[2017.05.24-21.28.26:427][772]LogModuleManager: Shutting down and abandoning module ShaderFormatOpenGL (129)
[2017.05.24-21.28.26:427][772]LogModuleManager: Shutting down and abandoning module ShaderFormatD3D (127)
[2017.05.24-21.28.26:427][772]LogModuleManager: Shutting down and abandoning module MetalShaderFormat (125)
[2017.05.24-21.28.26:427][772]LogModuleManager: Shutting down and abandoning module TextureFormatUncompressed (123)
[2017.05.24-21.28.26:427][772]LogModuleManager: Shutting down and abandoning module TextureFormatPVR (121)
[2017.05.24-21.28.26:427][772]LogModuleManager: Shutting down and abandoning module TextureFormatDXT (119)
[2017.05.24-21.28.26:427][772]LogModuleManager: Shutting down and abandoning module TextureFormatIntelISPCTexComp (117)
[2017.05.24-21.28.26:427][772]LogModuleManager: Shutting down and abandoning module TextureFormatASTC (115)
[2017.05.24-21.28.26:427][772]LogModuleManager: Shutting down and abandoning module ImageWrapper (114)
[2017.05.24-21.28.26:427][772]LogModuleManager: Shutting down and abandoning module TextureFormatAndroid (111)
[2017.05.24-21.28.26:427][772]LogModuleManager: Shutting down and abandoning module AudioFormatOpus (109)
[2017.05.24-21.28.26:427][772]LogModuleManager: Shutting down and abandoning module AudioFormatOgg (107)
[2017.05.24-21.28.26:427][772]LogModuleManager: Shutting down and abandoning module AudioFormatADPCM (105)
[2017.05.24-21.28.26:427][772]LogModuleManager: Shutting down and abandoning module LinuxTargetPlatform (103)
[2017.05.24-21.28.26:427][772]LogModuleManager: Shutting down and abandoning module LinuxServerTargetPlatform (101)
[2017.05.24-21.28.26:427][772]LogModuleManager: Shutting down and abandoning module LinuxNoEditorTargetPlatform (99)
[2017.05.24-21.28.26:427][772]LogModuleManager: Shutting down and abandoning module LinuxClientTargetPlatform (97)
[2017.05.24-21.28.26:427][772]LogModuleManager: Shutting down and abandoning module TVOSTargetPlatform (95)
[2017.05.24-21.28.26:427][772]LogModuleManager: Shutting down and abandoning module Messaging (93)
[2017.05.24-21.28.26:427][772]LogModuleManager: Shutting down and abandoning module IOSTargetPlatform (91)
[2017.05.24-21.28.26:427][772]LogModuleManager: Shutting down and abandoning module HTML5TargetPlatform (89)
[2017.05.24-21.28.26:427][772]LogModuleManager: Shutting down and abandoning module Android_PVRTCTargetPlatform (87)
[2017.05.24-21.28.26:427][772]LogModuleManager: Shutting down and abandoning module Android_MultiTargetPlatform (85)
[2017.05.24-21.28.26:427][772]LogModuleManager: Shutting down and abandoning module Android_ETC2TargetPlatform (83)
[2017.05.24-21.28.26:427][772]LogModuleManager: Shutting down and abandoning module Android_ETC1TargetPlatform (81)
[2017.05.24-21.28.26:427][772]LogModuleManager: Shutting down and abandoning module Android_DXTTargetPlatform (79)
[2017.05.24-21.28.26:427][772]LogModuleManager: Shutting down and abandoning module Android_ATCTargetPlatform (77)
[2017.05.24-21.28.26:427][772]LogModuleManager: Shutting down and abandoning module Android_ASTCTargetPlatform (75)
[2017.05.24-21.28.26:427][772]LogModuleManager: Shutting down and abandoning module AndroidTargetPlatform (73)
[2017.05.24-21.28.26:427][772]LogModuleManager: Shutting down and abandoning module WindowsTargetPlatform (71)
[2017.05.24-21.28.26:427][772]LogModuleManager: Shutting down and abandoning module WindowsServerTargetPlatform (69)
[2017.05.24-21.28.26:427][772]LogModuleManager: Shutting down and abandoning module WindowsNoEditorTargetPlatform (67)
[2017.05.24-21.28.26:427][772]LogModuleManager: Shutting down and abandoning module WindowsClientTargetPlatform (65)
[2017.05.24-21.28.26:427][772]LogModuleManager: Shutting down and abandoning module MacTargetPlatform (63)
[2017.05.24-21.28.26:427][772]LogModuleManager: Shutting down and abandoning module MacServerTargetPlatform (61)
[2017.05.24-21.28.26:427][772]LogModuleManager: Shutting down and abandoning module MacNoEditorTargetPlatform (59)
[2017.05.24-21.28.26:427][772]LogModuleManager: Shutting down and abandoning module MacClientTargetPlatform (57)
[2017.05.24-21.28.26:427][772]LogModuleManager: Shutting down and abandoning module AllDesktopTargetPlatform (55)
[2017.05.24-21.28.26:427][772]LogModuleManager: Shutting down and abandoning module InputCore (52)
[2017.05.24-21.28.26:427][772]LogModuleManager: Shutting down and abandoning module Settings (50)
[2017.05.24-21.28.26:427][772]LogModuleManager: Shutting down and abandoning module OculusRift (48)
[2017.05.24-21.28.26:427][772]LogModuleManager: Shutting down and abandoning module GearVR (46)
[2017.05.24-21.28.26:427][772]LogModuleManager: Shutting down and abandoning module ExampleDeviceProfileSelector (44)
[2017.05.24-21.28.26:427][772]LogModuleManager: Shutting down and abandoning module OnlineBlueprintSupport (42)
[2017.05.24-21.28.26:427][772]LogModuleManager: Shutting down and abandoning module OnlineSubsystem (38)
[2017.05.24-21.28.26:427][772]LogOnline:Display: Unloading online subsystem: NULL
[2017.05.24-21.28.26:427][772]LogModuleManager: Shutting down and abandoning module XMPP (37)
[2017.05.24-21.28.26:427][772]LogModuleManager: Shutting down and abandoning module HTTP (35)
[2017.05.24-21.28.26:427][772]LogHttp:Display: Http module shutting down, but needs to wait on 1 outstanding Http requests:
[2017.05.24-21.28.26:427][772]LogHttp:Display: 	verb=[POST] url=[https://datarouter.ol.epicgames.com/datarouter/api/v1/public/data?SessionID=%7BE70955D7-455C-298B-B682-3FB412630F42%7D&AppID=UEEditor.Rocket.Release&AppVersion=4.15.1-3348071%2B%2B%2BUE4%2BRelease-4.15&UserID=0e0b40be4832d566046b38bf7d9fcaa5%7C997e19dae8844158ad419fa6f092327c%7C56c227b0-c6e7-450a-b49b-9a869638e1ce&AppEnvironment=datacollector-binary&UploadType=eteventstream] status=Processing
[2017.05.24-21.28.26:450][772]LogModuleManager: Shutting down and abandoning module SSL (34)
[2017.05.24-21.28.26:451][772]LogModuleManager: Shutting down and abandoning module AudioEditor (30)
[2017.05.24-21.28.26:451][772]LogModuleManager: Shutting down and abandoning module TextureCompressor (28)
[2017.05.24-21.28.26:451][772]LogModuleManager: Shutting down and abandoning module ShaderCore (26)
[2017.05.24-21.28.26:451][772]LogModuleManager: Shutting down and abandoning module Landscape (24)
[2017.05.24-21.28.26:451][772]LogModuleManager: Shutting down and abandoning module SlateRHIRenderer (22)
[2017.05.24-21.28.26:455][772]LogModuleManager: Shutting down and abandoning module OpenGLDrv (20)
[2017.05.24-21.28.26:455][772]LogModuleManager: Shutting down and abandoning module D3D11RHI (18)
[2017.05.24-21.28.26:455][772]LogModuleManager: Shutting down and abandoning module AnimGraphRuntime (16)
[2017.05.24-21.28.26:455][772]LogModuleManager: Shutting down and abandoning module Renderer (14)
[2017.05.24-21.28.26:455][772]LogModuleManager: Shutting down and abandoning module Engine (12)
[2017.05.24-21.28.26:455][772]LogModuleManager: Shutting down and abandoning module CoreUObject (10)
[2017.05.24-21.28.26:455][772]LogModuleManager: Shutting down and abandoning module NetworkFile (8)
[2017.05.24-21.28.26:455][772]LogModuleManager: Shutting down and abandoning module StreamingFile (6)
[2017.05.24-21.28.26:455][772]LogModuleManager: Shutting down and abandoning module SandboxFile (4)
[2017.05.24-21.28.26:455][772]LogModuleManager: Shutting down and abandoning module PakFile (2)
[2017.05.24-21.28.26:457][772]LogExit: Exiting.
[2017.05.24-21.28.26:469][772]Log file closed, 05/24/17 14:28:26
